#
# There is insufficient memory for the Java Runtime Environment to continue.
# Native memory allocation (malloc) failed to allocate 426016 bytes for Chunk::new
# Possible reasons:
#   The system is out of physical RAM or swap space
#   The process is running with CompressedOops enabled, and the Java Heap may be blocking the growth of the native heap
# Possible solutions:
#   Reduce memory load on the system
#   Increase physical memory or swap space
#   Check if swap backing store is full
#   Decrease Java heap size (-Xmx/-Xms)
#   Decrease number of Java threads
#   Decrease Java thread stack sizes (-Xss)
#   Set larger code cache with -XX:ReservedCodeCacheSize=
#   JVM is running with Zero Based Compressed Oops mode in which the Java heap is
#     placed in the first 32GB address space. The Java Heap base address is the
#     maximum limit for the native heap growth. Please use -XX:HeapBaseMinAddress
#     to set the Java Heap base and to place the Java Heap above 32GB virtual address.
# This output file may be truncated or incomplete.
#
#  Out of Memory Error (allocation.cpp:389), pid=19476, tid=0x0000000000007538
#
# JRE version: Java(TM) SE Runtime Environment (8.0_341-b10) (build 1.8.0_341-b10)
# Java VM: Java HotSpot(TM) 64-Bit Server VM (25.341-b10 mixed mode windows-amd64 compressed oops)
# Failed to write core dump. Minidumps are not enabled by default on client versions of Windows
#

---------------  T H R E A D  ---------------

Current thread (0x000001d5f3723800):  JavaThread "C2 CompilerThread0" daemon [_thread_in_native, id=30008, stack(0x000000552f000000,0x000000552f100000)]

Stack: [0x000000552f000000,0x000000552f100000]
Native frames: (J=compiled Java code, j=interpreted, Vv=VM code, C=native code)
V  [jvm.dll+0x32fa99]
V  [jvm.dll+0x275ff2]
V  [jvm.dll+0x276c9d]
V  [jvm.dll+0x26d645]
V  [jvm.dll+0xd583c]
V  [jvm.dll+0xd603c]
V  [jvm.dll+0x453fe2]
V  [jvm.dll+0x48f09d]
V  [jvm.dll+0x443c71]
V  [jvm.dll+0x440e1b]
V  [jvm.dll+0x42bceb]
V  [jvm.dll+0xac68b]
V  [jvm.dll+0xaaceb]
V  [jvm.dll+0x23e542]
V  [jvm.dll+0x292d2c]
C  [ucrtbase.dll+0x21bb2]
C  [KERNEL32.DLL+0x17344]
C  [ntdll.dll+0x526b1]


Current CompileTask:
C2:   3367 1327   !   4       java.net.URL::<init> (543 bytes)


---------------  P R O C E S S  ---------------

Java Threads: ( => current thread )
  0x000001d5f201e000 JavaThread "Service Thread" daemon [_thread_blocked, id=30092, stack(0x000000552f400000,0x000000552f500000)]
  0x000001d5f2005000 JavaThread "C1 CompilerThread3" daemon [_thread_blocked, id=29772, stack(0x000000552f300000,0x000000552f400000)]
  0x000001d5f2001800 JavaThread "C2 CompilerThread2" daemon [_thread_blocked, id=24008, stack(0x000000552f200000,0x000000552f300000)]
  0x000001d5f1ffd800 JavaThread "C2 CompilerThread1" daemon [_thread_blocked, id=30532, stack(0x000000552f100000,0x000000552f200000)]
=>0x000001d5f3723800 JavaThread "C2 CompilerThread0" daemon [_thread_in_native, id=30008, stack(0x000000552f000000,0x000000552f100000)]
  0x000001d5f1ff1800 JavaThread "Attach Listener" daemon [_thread_blocked, id=30596, stack(0x000000552ef00000,0x000000552f000000)]
  0x000001d5f1ff0800 JavaThread "Signal Dispatcher" daemon [_thread_blocked, id=11588, stack(0x000000552ee00000,0x000000552ef00000)]
  0x000001d5f1fb7800 JavaThread "Finalizer" daemon [_thread_blocked, id=30516, stack(0x000000552ed00000,0x000000552ee00000)]
  0x000001d5f1fae000 JavaThread "Reference Handler" daemon [_thread_blocked, id=30340, stack(0x000000552ec00000,0x000000552ed00000)]
  0x000001d5cd14a800 JavaThread "main" [_thread_blocked, id=27836, stack(0x000000552e000000,0x000000552e100000)]

Other Threads:
  0x000001d5f1f85000 VMThread [stack: 0x000000552eb00000,0x000000552ec00000] [id=22248]
  0x000001d5f3781000 WatcherThread [stack: 0x000000552f500000,0x000000552f600000] [id=14076]

VM state:not at safepoint (normal execution)

VM Mutex/Monitor currently owned by a thread: None

heap address: 0x00000005c2a00000, size: 8150 MB, Compressed Oops mode: Zero based, Oop shift amount: 3
Narrow klass base: 0x0000000000000000, Narrow klass shift: 3
Compressed class space size: 1073741824 Address: 0x00000007c0000000

Heap:
 PSYoungGen      total 152576K, used 73402K [0x0000000716380000, 0x0000000720d80000, 0x00000007c0000000)
  eden space 131072K, 56% used [0x0000000716380000,0x000000071ab2e868,0x000000071e380000)
  from space 21504K, 0% used [0x000000071f880000,0x000000071f880000,0x0000000720d80000)
  to   space 21504K, 0% used [0x000000071e380000,0x000000071e380000,0x000000071f880000)
 ParOldGen       total 348160K, used 0K [0x00000005c2a00000, 0x00000005d7e00000, 0x0000000716380000)
  object space 348160K, 0% used [0x00000005c2a00000,0x00000005c2a00000,0x00000005d7e00000)
 Metaspace       used 12903K, capacity 13134K, committed 13312K, reserved 1060864K
  class space    used 1625K, capacity 1707K, committed 1792K, reserved 1048576K

Card table byte_map: [0x000001d5dde80000,0x000001d5dee70000] byte_map_base: 0x000001d5db06b000

Marking Bits: (ParMarkBitMap*) 0x00000000650b9030
 Begin Bits: [0x000001d5df910000, 0x000001d5e7868000)
 End Bits:   [0x000001d5e7868000, 0x000001d5ef7c0000)

Polling page: 0x000001d5cd2d0000

CodeCache: size=245760Kb used=4907Kb max_used=4908Kb free=240852Kb
 bounds [0x000001d5ceac0000, 0x000001d5cef90000, 0x000001d5ddac0000]
 total_blobs=1679 nmethods=1353 adapters=238
 compilation: enabled

Compilation events (10 events):
Event: 3.350 Thread 0x000001d5f2005000 1341       3       com.google.inject.internal.InjectorImpl::isProvider (13 bytes)
Event: 3.350 Thread 0x000001d5f2005000 nmethod 1341 0x000001d5cef849d0 code [0x000001d5cef84b40, 0x000001d5cef84ef8]
Event: 3.350 Thread 0x000001d5f2001800 nmethod 1333 0x000001d5cef89650 code [0x000001d5cef89800, 0x000001d5cef89df0]
Event: 3.350 Thread 0x000001d5f2001800 1340       4       com.google.common.base.Preconditions::checkNotNull (14 bytes)
Event: 3.351 Thread 0x000001d5f2001800 nmethod 1340 0x000001d5cef847d0 code [0x000001d5cef84900, 0x000001d5cef84958]
Event: 3.351 Thread 0x000001d5f2005000 1342       3       org.eclipse.sisu.inject.TypeArguments::isAssignableFrom (158 bytes)
Event: 3.352 Thread 0x000001d5f2005000 nmethod 1342 0x000001d5cef8a390 code [0x000001d5cef8a720, 0x000001d5cef8cad0]
Event: 3.352 Thread 0x000001d5f2005000 1343       3       com.google.common.collect.CompactHashMap::accessEntry (1 bytes)
Event: 3.353 Thread 0x000001d5f2005000 nmethod 1343 0x000001d5cef89310 code [0x000001d5cef89460, 0x000001d5cef895b8]
Event: 3.354 Thread 0x000001d5f1ffd800 nmethod 1334 0x000001d5cef86c90 code [0x000001d5cef86e40, 0x000001d5cef87748]

GC Heap History (0 events):
No events

Deoptimization events (10 events):
Event: 0.785 Thread 0x000001d5cd14a800 Uncommon trap: reason=unstable_if action=reinterpret pc=0x000001d5cec5c7f0 method=java.lang.String.indexOf([CII[CIII)I @ 3
Event: 1.288 Thread 0x000001d5cd14a800 Uncommon trap: reason=unstable_if action=reinterpret pc=0x000001d5ced23e44 method=java.util.HashMap.getNode(ILjava/lang/Object;)Ljava/util/HashMap$Node; @ 129
Event: 1.373 Thread 0x000001d5cd14a800 Uncommon trap: reason=unstable_if action=reinterpret pc=0x000001d5ced628d8 method=java.nio.charset.CoderResult.isOverflow()Z @ 5
Event: 1.390 Thread 0x000001d5cd14a800 Uncommon trap: reason=unstable_if action=reinterpret pc=0x000001d5ced5ddc4 method=java.nio.charset.CoderResult.isOverflow()Z @ 5
Event: 1.394 Thread 0x000001d5cd14a800 Uncommon trap: reason=unstable_if action=reinterpret pc=0x000001d5ced59c50 method=java.io.Reader.read()I @ 12
Event: 1.435 Thread 0x000001d5cd14a800 Uncommon trap: reason=unstable_if action=reinterpret pc=0x000001d5ced7d7b4 method=sun.nio.cs.StreamDecoder.implRead([CII)I @ 71
Event: 1.507 Thread 0x000001d5cd14a800 Uncommon trap: reason=unstable_if action=reinterpret pc=0x000001d5ced8baf0 method=org.codehaus.plexus.util.xml.pull.MXParser.nextImpl()I @ 241
Event: 1.656 Thread 0x000001d5cd14a800 Uncommon trap: reason=unstable_if action=reinterpret pc=0x000001d5ced9a1f4 method=sun.nio.cs.StreamDecoder.implRead([CII)I @ 197
Event: 1.875 Thread 0x000001d5cd14a800 Uncommon trap: reason=unstable_if action=reinterpret pc=0x000001d5ced758c4 method=sun.nio.cs.UTF_8$Decoder.decode([BII[C)I @ 30
Event: 3.333 Thread 0x000001d5cd14a800 Uncommon trap: reason=predicate action=maybe_recompile pc=0x000001d5ced0bfd0 method=sun.net.www.ParseUtil.encodePath(Ljava/lang/String;Z)Ljava/lang/String; @ 36

Classes redefined (0 events):
No events

Internal exceptions (10 events):
Event: 0.463 Thread 0x000001d5cd14a800 Exception <a 'java/lang/NullPointerException'> (0x000000071699f678) thrown at [C:\jenkins\workspace\8-2-build-windows-x64-cygwin\jdk8u341\2692\hotspot\src\share\vm\interpreter\linkResolver.cpp, line 1185]
Event: 0.463 Thread 0x000001d5cd14a800 Exception <a 'java/lang/NullPointerException'> (0x000000071699f880) thrown at [C:\jenkins\workspace\8-2-build-windows-x64-cygwin\jdk8u341\2692\hotspot\src\share\vm\interpreter\linkResolver.cpp, line 1185]
Event: 0.464 Thread 0x000001d5cd14a800 Exception <a 'java/lang/NullPointerException'> (0x00000007169a7db8) thrown at [C:\jenkins\workspace\8-2-build-windows-x64-cygwin\jdk8u341\2692\hotspot\src\share\vm\interpreter\linkResolver.cpp, line 1185]
Event: 0.466 Thread 0x000001d5cd14a800 Exception <a 'java/lang/NullPointerException'> (0x00000007169c0ec8) thrown at [C:\jenkins\workspace\8-2-build-windows-x64-cygwin\jdk8u341\2692\hotspot\src\share\vm\interpreter\linkResolver.cpp, line 1185]
Event: 0.466 Thread 0x000001d5cd14a800 Exception <a 'java/lang/NullPointerException'> (0x00000007169c10d0) thrown at [C:\jenkins\workspace\8-2-build-windows-x64-cygwin\jdk8u341\2692\hotspot\src\share\vm\interpreter\linkResolver.cpp, line 1185]
Event: 0.466 Thread 0x000001d5cd14a800 Exception <a 'java/lang/NullPointerException'> (0x00000007169c12d8) thrown at [C:\jenkins\workspace\8-2-build-windows-x64-cygwin\jdk8u341\2692\hotspot\src\share\vm\interpreter\linkResolver.cpp, line 1185]
Event: 0.466 Thread 0x000001d5cd14a800 Exception <a 'java/lang/NullPointerException'> (0x00000007169c14e0) thrown at [C:\jenkins\workspace\8-2-build-windows-x64-cygwin\jdk8u341\2692\hotspot\src\share\vm\interpreter\linkResolver.cpp, line 1185]
Event: 1.296 Thread 0x000001d5cd14a800 Exception <a 'java/lang/NoClassDefFoundError': javax/enterprise/inject/Typed> (0x000000071786ae88) thrown at [C:\jenkins\workspace\8-2-build-windows-x64-cygwin\jdk8u341\2692\hotspot\src\share\vm\classfile\systemDictionary.cpp, line 201]
Event: 3.331 Thread 0x000001d5cd14a800 Exception <a 'java/lang/NoClassDefFoundError': com/google/inject/servlet/ServletModuleTargetVisitor> (0x000000071a9e7690) thrown at [C:\jenkins\workspace\8-2-build-windows-x64-cygwin\jdk8u341\2692\hotspot\src\share\vm\classfile\systemDictionary.cpp, line 
Event: 3.332 Thread 0x000001d5cd14a800 Exception <a 'java/lang/NoClassDefFoundError'> (0x000000071a9e7690) thrown at [C:\jenkins\workspace\8-2-build-windows-x64-cygwin\jdk8u341\2692\hotspot\src\share\vm\prims\jvm.cpp, line 1527]

Events (10 events):
Event: 3.352 loading class org/apache/maven/model/merge/ModelMerger$Remapping
Event: 3.352 loading class org/apache/maven/model/merge/ModelMerger$Remapping done
Event: 3.353 loading class org/apache/maven/model/merge/ModelMerger$KeyComputer
Event: 3.353 loading class org/apache/maven/model/merge/ModelMerger$KeyComputer done
Event: 3.355 loading class org/apache/maven/model/FileSet
Event: 3.355 loading class org/apache/maven/model/FileSet done
Event: 3.356 loading class org/apache/maven/model/PatternSet
Event: 3.356 loading class org/apache/maven/model/PatternSet done
Event: 3.357 loading class org/apache/maven/model/Resource
Event: 3.357 loading class org/apache/maven/model/Resource done


Dynamic libraries:
0x00007ff7be290000 - 0x00007ff7be2d7000 	D:\jdk\jdk8\bin\java.exe
0x00007ffff5ad0000 - 0x00007ffff5cc8000 	C:\Windows\SYSTEM32\ntdll.dll
0x00007ffff4bc0000 - 0x00007ffff4c7d000 	C:\Windows\System32\KERNEL32.DLL
0x00007ffff3470000 - 0x00007ffff3766000 	C:\Windows\System32\KERNELBASE.dll
0x00007fffeb990000 - 0x00007fffeba20000 	C:\Windows\SYSTEM32\apphelp.dll
0x00007ffff4560000 - 0x00007ffff460f000 	C:\Windows\System32\ADVAPI32.dll
0x00007ffff4230000 - 0x00007ffff42ce000 	C:\Windows\System32\msvcrt.dll
0x00007ffff4680000 - 0x00007ffff471c000 	C:\Windows\System32\sechost.dll
0x00007ffff42d0000 - 0x00007ffff43f6000 	C:\Windows\System32\RPCRT4.dll
0x00007ffff4090000 - 0x00007ffff422e000 	C:\Windows\System32\USER32.dll
0x00007ffff3880000 - 0x00007ffff38a2000 	C:\Windows\System32\win32u.dll
0x00007ffff4b90000 - 0x00007ffff4bbc000 	C:\Windows\System32\GDI32.dll
0x00007ffff38b0000 - 0x00007ffff39ca000 	C:\Windows\System32\gdi32full.dll
0x00007ffff3770000 - 0x00007ffff380d000 	C:\Windows\System32\msvcp_win.dll
0x00007ffff31b0000 - 0x00007ffff32b0000 	C:\Windows\System32\ucrtbase.dll
0x00007fffd0300000 - 0x00007fffd059a000 	C:\Windows\WinSxS\amd64_microsoft.windows.common-controls_6595b64144ccf1df_6.0.19041.3636_none_60b6a03d71f818d5\COMCTL32.dll
0x00007ffff5850000 - 0x00007ffff5880000 	C:\Windows\System32\IMM32.DLL
0x00007fffe9db0000 - 0x00007fffe9dc5000 	D:\jdk\jdk8\jre\bin\vcruntime140.dll
0x00007fffc0f60000 - 0x00007fffc0ffb000 	D:\jdk\jdk8\jre\bin\msvcp140.dll
0x00000000648d0000 - 0x0000000065131000 	D:\jdk\jdk8\jre\bin\server\jvm.dll
0x00007ffff5710000 - 0x00007ffff5718000 	C:\Windows\System32\PSAPI.DLL
0x00007fff9d680000 - 0x00007fff9d689000 	C:\Windows\SYSTEM32\WSOCK32.dll
0x00007fffde510000 - 0x00007fffde537000 	C:\Windows\SYSTEM32\WINMM.dll
0x00007ffff4c90000 - 0x00007ffff4cfb000 	C:\Windows\System32\WS2_32.dll
0x00007fffe8cc0000 - 0x00007fffe8cca000 	C:\Windows\SYSTEM32\VERSION.dll
0x00007ffff1a00000 - 0x00007ffff1a12000 	C:\Windows\SYSTEM32\kernel.appcore.dll
0x00007fffe9da0000 - 0x00007fffe9db0000 	D:\jdk\jdk8\jre\bin\verify.dll
0x00007fffd6b30000 - 0x00007fffd6b5b000 	D:\jdk\jdk8\jre\bin\java.dll
0x00007fffd6e80000 - 0x00007fffd6e98000 	D:\jdk\jdk8\jre\bin\zip.dll
0x00007ffff4e20000 - 0x00007ffff5564000 	C:\Windows\System32\SHELL32.dll
0x00007ffff1250000 - 0x00007ffff19eb000 	C:\Windows\SYSTEM32\windows.storage.dll
0x00007ffff3c60000 - 0x00007ffff3fb4000 	C:\Windows\System32\combase.dll
0x00007ffff2bf0000 - 0x00007ffff2c1d000 	C:\Windows\SYSTEM32\Wldp.dll
0x00007ffff57a0000 - 0x00007ffff584d000 	C:\Windows\System32\SHCORE.dll
0x00007ffff5570000 - 0x00007ffff55c5000 	C:\Windows\System32\shlwapi.dll
0x00007ffff30e0000 - 0x00007ffff3105000 	C:\Windows\SYSTEM32\profapi.dll
0x0000000069ac0000 - 0x0000000069ae4000 	C:\Users\25426\AppData\Local\Temp\jansi-2.4.0-bde30a656b5377a0-jansi.dll
0x00007ffff0e10000 - 0x00007ffff0ff4000 	C:\Windows\SYSTEM32\dbghelp.dll
0x00007ffff33e0000 - 0x00007ffff3462000 	C:\Windows\System32\bcryptPrimitives.dll

VM Arguments:
jvm_args: -Dmaven.multiModuleProjectDirectory=D:\Git\GitCode\github\xuecheng-plus\xuecheng-plus-auth -Dfile.encoding=GB2312 -Dmaven.home=D:\javaDevInstall\apache-maven-3.8.6 -Dclassworlds.conf=D:\javaDevInstall\apache-maven-3.8.6\bin\m2.conf -Dmaven.ext.class.path=D:\IntelliJ IDEA 2022.1.4\plugins\maven\lib\maven-event-listener.jar 
java_command: org.codehaus.classworlds.Launcher -Didea.version=2022.1.4 -s D:\javaDevInstall\apache-maven-3.8.6\conf\settings.xml -Dmaven.repo.local=D:\javaDevInstall\apache-maven-3.8.6\mvnRepository install --non-recursive
java_class_path (initial): D:\javaDevInstall\apache-maven-3.8.6\boot\plexus-classworlds-2.6.0.jar;D:\javaDevInstall\apache-maven-3.8.6\boot\plexus-classworlds.license
Launcher Type: SUN_STANDARD

Environment Variables:
JAVA_HOME=D:\jdk\jdk11
PATH=D:\VMware Workstation\bin\;D:\NVIDIA GPU Computing Toolkit\CUDA\v12.0\bin;D:\NVIDIA GPU Computing Toolkit\CUDA\v12.0\libnvvp;C:\Windows\system32;C:\Windows;C:\Windows\System32\Wbem;C:\Windows\System32\WindowsPowerShell\v1.0\;C:\Windows\System32\OpenSSH\;D:\jdk\jdk8\bin;D:\jdk\jdk11\bin;D:\微信web开发者工具\dll;D:\mys;l-8.0.15-winx64\bin;C:\Program Files\dotnet\;C:\Program Files (x86)\NVIDIA Corporation\PhysX\Common;"D:\javaDevInstall\db-derby-10.14.2.0-bin\bin;";D:\Git\Git\cmd;D:\anaconda;D:\anaconda\Scripts;D:\anaconda\Library\mingw-w64\bin;D:\anaconda\Library\usr\bin;D:\anaconda\Library\bin;D:\javaDevInstall\nodejs\;D:\Xshell\;D:\Xftp\;D:\Python311\Scripts\;D:\Python311\;C:\Users\25426\AppData\Local\Microsoft\WindowsApps;D:\mysql-8.0.15-winx64\bin;D:\javaDevInstall\apache-maven-3.8.6\bin;D:\Microsoft VS Code\bin;D:\MinGW\bin;C:\Users\25426\AppData\Roaming\npm;C:\Users\25426\AppData\Local\Pandoc\;D:\HuaweiDev\Microsoft VS Code\bin;D:\ffmpeg;D:\ffmpeg\ffmpeg.exe
USERNAME=25426
OS=Windows_NT
PROCESSOR_IDENTIFIER=Intel64 Family 6 Model 158 Stepping 10, GenuineIntel



---------------  S Y S T E M  ---------------

OS: Windows 10 , 64 bit Build 19041 (10.0.19041.3636)

CPU:total 12 (initial active 12) (6 cores per cpu, 2 threads per core) family 6 model 158 stepping 10, cmov, cx8, fxsr, mmx, sse, sse2, sse3, ssse3, sse4.1, sse4.2, popcnt, avx, avx2, aes, clmul, erms, 3dnowpref, lzcnt, ht, tsc, tscinvbit, bmi1, bmi2, adx

Memory: 4k page, physical 33379092k(9321720k free), swap 46627032k(5212k free)

vm_info: Java HotSpot(TM) 64-Bit Server VM (25.341-b10) for windows-amd64 JRE (1.8.0_341-b10), built on Jun 16 2022 15:51:07 by "java_re" with MS VC++ 15.9 (VS2017)

time: Sun Dec  3 01:28:28 2023
timezone: Intel64 Family 6 Model 158 Stepping 10, GenuineIntel
elapsed time: 3.370067 seconds (0d 0h 0m 3s)

