#
# There is insufficient memory for the Java Runtime Environment to continue.
# Native memory allocation (malloc) failed to allocate 205456 bytes for Chunk::new
# Possible reasons:
#   The system is out of physical RAM or swap space
#   The process is running with CompressedOops enabled, and the Java Heap may be blocking the growth of the native heap
# Possible solutions:
#   Reduce memory load on the system
#   Increase physical memory or swap space
#   Check if swap backing store is full
#   Decrease Java heap size (-Xmx/-Xms)
#   Decrease number of Java threads
#   Decrease Java thread stack sizes (-Xss)
#   Set larger code cache with -XX:ReservedCodeCacheSize=
#   JVM is running with Zero Based Compressed Oops mode in which the Java heap is
#     placed in the first 32GB address space. The Java Heap base address is the
#     maximum limit for the native heap growth. Please use -XX:HeapBaseMinAddress
#     to set the Java Heap base and to place the Java Heap above 32GB virtual address.
# This output file may be truncated or incomplete.
#
#  Out of Memory Error (allocation.cpp:389), pid=23404, tid=0x0000000000005514
#
# JRE version: Java(TM) SE Runtime Environment (8.0_341-b10) (build 1.8.0_341-b10)
# Java VM: Java HotSpot(TM) 64-Bit Server VM (25.341-b10 mixed mode windows-amd64 compressed oops)
# Failed to write core dump. Minidumps are not enabled by default on client versions of Windows
#

---------------  T H R E A D  ---------------

Current thread (0x0000024f36c83000):  JavaThread "C2 CompilerThread1" daemon [_thread_in_native, id=21780, stack(0x0000005d76d00000,0x0000005d76e00000)]

Stack: [0x0000005d76d00000,0x0000005d76e00000]
Native frames: (J=compiled Java code, j=interpreted, Vv=VM code, C=native code)
V  [jvm.dll+0x32fa99]


Current CompileTask:
C2:    816  442 %     4       sun.nio.cs.UTF_8$Decoder::decode @ 20 (779 bytes)


---------------  P R O C E S S  ---------------

Java Threads: ( => current thread )
  0x0000024f383e1800 JavaThread "Service Thread" daemon [_thread_blocked, id=23672, stack(0x0000005d77000000,0x0000005d77100000)]
  0x0000024f383dd800 JavaThread "C1 CompilerThread3" daemon [_thread_blocked, id=3532, stack(0x0000005d76f00000,0x0000005d77000000)]
  0x0000024f383d7800 JavaThread "C2 CompilerThread2" daemon [_thread_blocked, id=27584, stack(0x0000005d76e00000,0x0000005d76f00000)]
=>0x0000024f36c83000 JavaThread "C2 CompilerThread1" daemon [_thread_in_native, id=21780, stack(0x0000005d76d00000,0x0000005d76e00000)]
  0x0000024f383a3000 JavaThread "C2 CompilerThread0" daemon [_thread_blocked, id=20436, stack(0x0000005d76c00000,0x0000005d76d00000)]
  0x0000024f383a2800 JavaThread "Attach Listener" daemon [_thread_blocked, id=16892, stack(0x0000005d76b00000,0x0000005d76c00000)]
  0x0000024f36c8e000 JavaThread "Signal Dispatcher" daemon [_thread_blocked, id=8168, stack(0x0000005d76a00000,0x0000005d76b00000)]
  0x0000024f36c3f000 JavaThread "Finalizer" daemon [_thread_blocked, id=9548, stack(0x0000005d76800000,0x0000005d76900000)]
  0x0000024f36c3d800 JavaThread "Reference Handler" daemon [_thread_blocked, id=28384, stack(0x0000005d76700000,0x0000005d76800000)]
  0x0000024f11d09800 JavaThread "main" [_thread_in_native, id=30168, stack(0x0000005d75b00000,0x0000005d75c00000)]

Other Threads:
  0x0000024f36c15800 VMThread [stack: 0x0000005d76600000,0x0000005d76700000] [id=13336]
  0x0000024f38409000 WatcherThread [stack: 0x0000005d77100000,0x0000005d77200000] [id=30064]

VM state:not at safepoint (normal execution)

VM Mutex/Monitor currently owned by a thread: None

heap address: 0x00000005c2a00000, size: 8150 MB, Compressed Oops mode: Zero based, Oop shift amount: 3
Narrow klass base: 0x0000000000000000, Narrow klass shift: 3
Compressed class space size: 1073741824 Address: 0x00000007c0000000

Heap:
 PSYoungGen      total 152576K, used 18358K [0x0000000716380000, 0x0000000720d80000, 0x00000007c0000000)
  eden space 131072K, 14% used [0x0000000716380000,0x000000071756d878,0x000000071e380000)
  from space 21504K, 0% used [0x000000071f880000,0x000000071f880000,0x0000000720d80000)
  to   space 21504K, 0% used [0x000000071e380000,0x000000071e380000,0x000000071f880000)
 ParOldGen       total 348160K, used 0K [0x00000005c2a00000, 0x00000005d7e00000, 0x0000000716380000)
  object space 348160K, 0% used [0x00000005c2a00000,0x00000005c2a00000,0x00000005d7e00000)
 Metaspace       used 6847K, capacity 7014K, committed 7296K, reserved 1056768K
  class space    used 770K, capacity 826K, committed 896K, reserved 1048576K

Card table byte_map: [0x0000024f22b10000,0x0000024f23b00000] byte_map_base: 0x0000024f1fcfb000

Marking Bits: (ParMarkBitMap*) 0x00000000650b9030
 Begin Bits: [0x0000024f245a0000, 0x0000024f2c4f8000)
 End Bits:   [0x0000024f2c4f8000, 0x0000024f34450000)

Polling page: 0x0000024f11f60000

CodeCache: size=245760Kb used=2351Kb max_used=2351Kb free=243408Kb
 bounds [0x0000024f13750000, 0x0000024f139c0000, 0x0000024f22750000]
 total_blobs=752 nmethods=449 adapters=216
 compilation: enabled

Compilation events (10 events):
Event: 0.808 Thread 0x0000024f383dd800  443       3       java.util.TreeMap::navigableKeySet (27 bytes)
Event: 0.808 Thread 0x0000024f383dd800 nmethod 443 0x0000024f13986190 code [0x0000024f13986300, 0x0000024f139866b8]
Event: 0.808 Thread 0x0000024f383dd800  444       3       java.util.TreeMap$KeySet::iterator (32 bytes)
Event: 0.809 Thread 0x0000024f383dd800 nmethod 444 0x0000024f13999310 code [0x0000024f139994e0, 0x0000024f13999d20]
Event: 0.809 Thread 0x0000024f383dd800  445       3       java.util.TreeMap::keyIterator (13 bytes)
Event: 0.809 Thread 0x0000024f383dd800 nmethod 445 0x0000024f13999fd0 code [0x0000024f1399a160, 0x0000024f1399a678]
Event: 0.809 Thread 0x0000024f383dd800  446       3       java.util.TreeMap::getFirstEntry (26 bytes)
Event: 0.809 Thread 0x0000024f383dd800 nmethod 446 0x0000024f1399a890 code [0x0000024f1399aa00, 0x0000024f1399ac58]
Event: 0.809 Thread 0x0000024f383dd800  447       3       java.util.TreeMap$KeyIterator::<init> (12 bytes)
Event: 0.809 Thread 0x0000024f383dd800 nmethod 447 0x0000024f1399ad50 code [0x0000024f1399aec0, 0x0000024f1399b158]

GC Heap History (0 events):
No events

Deoptimization events (3 events):
Event: 0.478 Thread 0x0000024f11d09800 Uncommon trap: reason=unstable_if action=reinterpret pc=0x0000024f1390f1e8 method=org.codehaus.plexus.util.xml.pull.MXParser.more()C @ 8
Event: 0.480 Thread 0x0000024f11d09800 Uncommon trap: reason=unstable_if action=reinterpret pc=0x0000024f13876e88 method=java.net.URI.match(CJJ)Z @ 19
Event: 0.679 Thread 0x0000024f11d09800 Uncommon trap: reason=unstable_if action=reinterpret pc=0x0000024f138ef830 method=java.lang.String.indexOf([CII[CIII)I @ 3

Classes redefined (0 events):
No events

Internal exceptions (10 events):
Event: 0.261 Thread 0x0000024f11d09800 Exception <a 'java/security/PrivilegedActionException'> (0x000000071690b288) thrown at [C:\jenkins\workspace\8-2-build-windows-x64-cygwin\jdk8u341\2692\hotspot\src\share\vm\prims\jvm.cpp, line 1523]
Event: 0.261 Thread 0x0000024f11d09800 Exception <a 'java/security/PrivilegedActionException'> (0x000000071690b680) thrown at [C:\jenkins\workspace\8-2-build-windows-x64-cygwin\jdk8u341\2692\hotspot\src\share\vm\prims\jvm.cpp, line 1523]
Event: 0.355 Thread 0x0000024f11d09800 Exception <a 'java/lang/NullPointerException'> (0x00000007169a0d40) thrown at [C:\jenkins\workspace\8-2-build-windows-x64-cygwin\jdk8u341\2692\hotspot\src\share\vm\interpreter\linkResolver.cpp, line 1185]
Event: 0.355 Thread 0x0000024f11d09800 Exception <a 'java/lang/NullPointerException'> (0x00000007169a0f48) thrown at [C:\jenkins\workspace\8-2-build-windows-x64-cygwin\jdk8u341\2692\hotspot\src\share\vm\interpreter\linkResolver.cpp, line 1185]
Event: 0.355 Thread 0x0000024f11d09800 Exception <a 'java/lang/NullPointerException'> (0x00000007169a1150) thrown at [C:\jenkins\workspace\8-2-build-windows-x64-cygwin\jdk8u341\2692\hotspot\src\share\vm\interpreter\linkResolver.cpp, line 1185]
Event: 0.356 Thread 0x0000024f11d09800 Exception <a 'java/lang/NullPointerException'> (0x00000007169a9688) thrown at [C:\jenkins\workspace\8-2-build-windows-x64-cygwin\jdk8u341\2692\hotspot\src\share\vm\interpreter\linkResolver.cpp, line 1185]
Event: 0.358 Thread 0x0000024f11d09800 Exception <a 'java/lang/NullPointerException'> (0x00000007169c2848) thrown at [C:\jenkins\workspace\8-2-build-windows-x64-cygwin\jdk8u341\2692\hotspot\src\share\vm\interpreter\linkResolver.cpp, line 1185]
Event: 0.358 Thread 0x0000024f11d09800 Exception <a 'java/lang/NullPointerException'> (0x00000007169c2a50) thrown at [C:\jenkins\workspace\8-2-build-windows-x64-cygwin\jdk8u341\2692\hotspot\src\share\vm\interpreter\linkResolver.cpp, line 1185]
Event: 0.358 Thread 0x0000024f11d09800 Exception <a 'java/lang/NullPointerException'> (0x00000007169c2c58) thrown at [C:\jenkins\workspace\8-2-build-windows-x64-cygwin\jdk8u341\2692\hotspot\src\share\vm\interpreter\linkResolver.cpp, line 1185]
Event: 0.358 Thread 0x0000024f11d09800 Exception <a 'java/lang/NullPointerException'> (0x00000007169c2e60) thrown at [C:\jenkins\workspace\8-2-build-windows-x64-cygwin\jdk8u341\2692\hotspot\src\share\vm\interpreter\linkResolver.cpp, line 1185]

Events (10 events):
Event: 0.805 loading class com/google/inject/spi/BindingTargetVisitor
Event: 0.805 loading class com/google/inject/spi/BindingTargetVisitor done
Event: 0.806 loading class com/google/inject/spi/Elements$1
Event: 0.806 loading class com/google/inject/spi/Elements$1 done
Event: 0.807 loading class com/google/inject/spi/DefaultBindingTargetVisitor
Event: 0.807 loading class com/google/inject/spi/DefaultBindingTargetVisitor done
Event: 0.807 loading class com/google/inject/Binding
Event: 0.807 loading class com/google/inject/Binding done
Event: 0.808 loading class com/google/inject/spi/Elements$RecordingBinder
Event: 0.808 loading class com/google/inject/spi/Elements$RecordingBinder done


Dynamic libraries:
0x00007ff7be290000 - 0x00007ff7be2d7000 	D:\jdk\jdk8\bin\java.exe
0x00007ffff5ad0000 - 0x00007ffff5cc8000 	C:\Windows\SYSTEM32\ntdll.dll
0x00007ffff4bc0000 - 0x00007ffff4c7d000 	C:\Windows\System32\KERNEL32.DLL
0x00007ffff3470000 - 0x00007ffff3766000 	C:\Windows\System32\KERNELBASE.dll
0x00007fffeb990000 - 0x00007fffeba20000 	C:\Windows\SYSTEM32\apphelp.dll
0x00007ffff4560000 - 0x00007ffff460f000 	C:\Windows\System32\ADVAPI32.dll
0x00007ffff4230000 - 0x00007ffff42ce000 	C:\Windows\System32\msvcrt.dll
0x00007ffff4680000 - 0x00007ffff471c000 	C:\Windows\System32\sechost.dll
0x00007ffff42d0000 - 0x00007ffff43f6000 	C:\Windows\System32\RPCRT4.dll
0x00007ffff4090000 - 0x00007ffff422e000 	C:\Windows\System32\USER32.dll
0x00007ffff3880000 - 0x00007ffff38a2000 	C:\Windows\System32\win32u.dll
0x00007ffff4b90000 - 0x00007ffff4bbc000 	C:\Windows\System32\GDI32.dll
0x00007ffff38b0000 - 0x00007ffff39ca000 	C:\Windows\System32\gdi32full.dll
0x00007ffff3770000 - 0x00007ffff380d000 	C:\Windows\System32\msvcp_win.dll
0x00007ffff31b0000 - 0x00007ffff32b0000 	C:\Windows\System32\ucrtbase.dll
0x00007fffd0300000 - 0x00007fffd059a000 	C:\Windows\WinSxS\amd64_microsoft.windows.common-controls_6595b64144ccf1df_6.0.19041.3636_none_60b6a03d71f818d5\COMCTL32.dll
0x00007ffff5850000 - 0x00007ffff5880000 	C:\Windows\System32\IMM32.DLL
0x00007fffe9db0000 - 0x00007fffe9dc5000 	D:\jdk\jdk8\jre\bin\vcruntime140.dll
0x00007fffc0f60000 - 0x00007fffc0ffb000 	D:\jdk\jdk8\jre\bin\msvcp140.dll
0x00000000648d0000 - 0x0000000065131000 	D:\jdk\jdk8\jre\bin\server\jvm.dll
0x00007ffff5710000 - 0x00007ffff5718000 	C:\Windows\System32\PSAPI.DLL
0x00007fff9d680000 - 0x00007fff9d689000 	C:\Windows\SYSTEM32\WSOCK32.dll
0x00007ffff4c90000 - 0x00007ffff4cfb000 	C:\Windows\System32\WS2_32.dll
0x00007fffde510000 - 0x00007fffde537000 	C:\Windows\SYSTEM32\WINMM.dll
0x00007fffe8cc0000 - 0x00007fffe8cca000 	C:\Windows\SYSTEM32\VERSION.dll
0x00007ffff1a00000 - 0x00007ffff1a12000 	C:\Windows\SYSTEM32\kernel.appcore.dll
0x00007fffe9da0000 - 0x00007fffe9db0000 	D:\jdk\jdk8\jre\bin\verify.dll
0x00007fffd6b30000 - 0x00007fffd6b5b000 	D:\jdk\jdk8\jre\bin\java.dll
0x00007fffd6e80000 - 0x00007fffd6e98000 	D:\jdk\jdk8\jre\bin\zip.dll
0x00007ffff4e20000 - 0x00007ffff5564000 	C:\Windows\System32\SHELL32.dll
0x00007ffff1250000 - 0x00007ffff19eb000 	C:\Windows\SYSTEM32\windows.storage.dll
0x00007ffff3c60000 - 0x00007ffff3fb4000 	C:\Windows\System32\combase.dll
0x00007ffff2bf0000 - 0x00007ffff2c1d000 	C:\Windows\SYSTEM32\Wldp.dll
0x00007ffff57a0000 - 0x00007ffff584d000 	C:\Windows\System32\SHCORE.dll
0x00007ffff5570000 - 0x00007ffff55c5000 	C:\Windows\System32\shlwapi.dll
0x00007ffff30e0000 - 0x00007ffff3105000 	C:\Windows\SYSTEM32\profapi.dll
0x0000000069ac0000 - 0x0000000069ae4000 	C:\Users\25426\AppData\Local\Temp\jansi-2.4.0-c3efba69bbc2a8ef-jansi.dll
0x00007ffff0e10000 - 0x00007ffff0ff4000 	C:\Windows\SYSTEM32\dbghelp.dll
0x00007ffff33e0000 - 0x00007ffff3462000 	C:\Windows\System32\bcryptPrimitives.dll

VM Arguments:
jvm_args: -Dmaven.multiModuleProjectDirectory=D:\Git\GitCode\github\xuecheng-plus\xuecheng-plus-media -Dfile.encoding=GB2312 -Dmaven.home=D:\javaDevInstall\apache-maven-3.8.6 -Dclassworlds.conf=D:\javaDevInstall\apache-maven-3.8.6\bin\m2.conf -Dmaven.ext.class.path=D:\IntelliJ IDEA 2022.1.4\plugins\maven\lib\maven-event-listener.jar 
java_command: org.codehaus.classworlds.Launcher -Didea.version=2022.1.4 -s D:\javaDevInstall\apache-maven-3.8.6\conf\settings.xml -Dmaven.repo.local=D:\javaDevInstall\apache-maven-3.8.6\mvnRepository install --projects com.xuecheng:xuecheng-plus-media-service,com.xuecheng:xuecheng-plus-media-api,com.xuecheng:xuecheng-plus-media-model,com.xuecheng:xuecheng-plus-media
java_class_path (initial): D:\javaDevInstall\apache-maven-3.8.6\boot\plexus-classworlds-2.6.0.jar;D:\javaDevInstall\apache-maven-3.8.6\boot\plexus-classworlds.license
Launcher Type: SUN_STANDARD

Environment Variables:
JAVA_HOME=D:\jdk\jdk11
PATH=D:\VMware Workstation\bin\;D:\NVIDIA GPU Computing Toolkit\CUDA\v12.0\bin;D:\NVIDIA GPU Computing Toolkit\CUDA\v12.0\libnvvp;C:\Windows\system32;C:\Windows;C:\Windows\System32\Wbem;C:\Windows\System32\WindowsPowerShell\v1.0\;C:\Windows\System32\OpenSSH\;D:\jdk\jdk8\bin;D:\jdk\jdk11\bin;D:\微信web开发者工具\dll;D:\mys;l-8.0.15-winx64\bin;C:\Program Files\dotnet\;C:\Program Files (x86)\NVIDIA Corporation\PhysX\Common;"D:\javaDevInstall\db-derby-10.14.2.0-bin\bin;";D:\Git\Git\cmd;D:\anaconda;D:\anaconda\Scripts;D:\anaconda\Library\mingw-w64\bin;D:\anaconda\Library\usr\bin;D:\anaconda\Library\bin;D:\javaDevInstall\nodejs\;D:\Xshell\;D:\Xftp\;D:\Python311\Scripts\;D:\Python311\;C:\Users\25426\AppData\Local\Microsoft\WindowsApps;D:\mysql-8.0.15-winx64\bin;D:\javaDevInstall\apache-maven-3.8.6\bin;D:\Microsoft VS Code\bin;D:\MinGW\bin;C:\Users\25426\AppData\Roaming\npm;C:\Users\25426\AppData\Local\Pandoc\;D:\HuaweiDev\Microsoft VS Code\bin;D:\ffmpeg;D:\ffmpeg\ffmpeg.exe
USERNAME=25426
OS=Windows_NT
PROCESSOR_IDENTIFIER=Intel64 Family 6 Model 158 Stepping 10, GenuineIntel



---------------  S Y S T E M  ---------------

OS: Windows 10 , 64 bit Build 19041 (10.0.19041.3636)

CPU:total 12 (initial active 12) (6 cores per cpu, 2 threads per core) family 6 model 158 stepping 10, cmov, cx8, fxsr, mmx, sse, sse2, sse3, ssse3, sse4.1, sse4.2, popcnt, avx, avx2, aes, clmul, erms, 3dnowpref, lzcnt, ht, tsc, tscinvbit, bmi1, bmi2, adx

Memory: 4k page, physical 33379092k(9921424k free), swap 46627032k(5120k free)

vm_info: Java HotSpot(TM) 64-Bit Server VM (25.341-b10) for windows-amd64 JRE (1.8.0_341-b10), built on Jun 16 2022 15:51:07 by "java_re" with MS VC++ 15.9 (VS2017)

time: Sun Dec  3 01:32:47 2023
timezone: Intel64 Family 6 Model 158 Stepping 10, GenuineIntel
elapsed time: 0.818373 seconds (0d 0h 0m 0s)

