#
# There is insufficient memory for the Java Runtime Environment to continue.
# Native memory allocation (malloc) failed to allocate 65552 bytes for Chunk::new
# Possible reasons:
#   The system is out of physical RAM or swap space
#   The process is running with CompressedOops enabled, and the Java Heap may be blocking the growth of the native heap
# Possible solutions:
#   Reduce memory load on the system
#   Increase physical memory or swap space
#   Check if swap backing store is full
#   Decrease Java heap size (-Xmx/-Xms)
#   Decrease number of Java threads
#   Decrease Java thread stack sizes (-Xss)
#   Set larger code cache with -XX:ReservedCodeCacheSize=
#   JVM is running with Zero Based Compressed Oops mode in which the Java heap is
#     placed in the first 32GB address space. The Java Heap base address is the
#     maximum limit for the native heap growth. Please use -XX:HeapBaseMinAddress
#     to set the Java Heap base and to place the Java Heap above 32GB virtual address.
# This output file may be truncated or incomplete.
#
#  Out of Memory Error (allocation.cpp:389), pid=26764, tid=0x0000000000004ba4
#
# JRE version: Java(TM) SE Runtime Environment (8.0_341-b10) (build 1.8.0_341-b10)
# Java VM: Java HotSpot(TM) 64-Bit Server VM (25.341-b10 mixed mode windows-amd64 compressed oops)
# Failed to write core dump. Minidumps are not enabled by default on client versions of Windows
#

---------------  T H R E A D  ---------------

Current thread (0x000001d937c72000):  JavaThread "C2 CompilerThread2" daemon [_thread_in_native, id=19364, stack(0x0000003637800000,0x0000003637900000)]

Stack: [0x0000003637800000,0x0000003637900000]
Native frames: (J=compiled Java code, j=interpreted, Vv=VM code, C=native code)
V  [jvm.dll+0x32fa99]


Current CompileTask:
C2:  13428 3887       4       org.codehaus.plexus.util.xml.Xpp3Dom::mergeIntoXpp3Dom (490 bytes)


---------------  P R O C E S S  ---------------

Java Threads: ( => current thread )
  0x000001d937c8e800 JavaThread "Service Thread" daemon [_thread_blocked, id=28504, stack(0x0000003637a00000,0x0000003637b00000)]
  0x000001d937c75800 JavaThread "C1 CompilerThread3" daemon [_thread_blocked, id=20252, stack(0x0000003637900000,0x0000003637a00000)]
=>0x000001d937c72000 JavaThread "C2 CompilerThread2" daemon [_thread_in_native, id=19364, stack(0x0000003637800000,0x0000003637900000)]
  0x000001d939342800 JavaThread "C2 CompilerThread1" daemon [_thread_in_native, id=24032, stack(0x0000003637700000,0x0000003637800000)]
  0x000001d937c63000 JavaThread "C2 CompilerThread0" daemon [_thread_in_native, id=29472, stack(0x0000003637600000,0x0000003637700000)]
  0x000001d937c42800 JavaThread "Attach Listener" daemon [_thread_blocked, id=27812, stack(0x0000003637500000,0x0000003637600000)]
  0x000001d937c6e000 JavaThread "Signal Dispatcher" daemon [_thread_blocked, id=29100, stack(0x0000003637400000,0x0000003637500000)]
  0x000001d937c25800 JavaThread "Finalizer" daemon [_thread_blocked, id=29272, stack(0x0000003637300000,0x0000003637400000)]
  0x000001d937c1e000 JavaThread "Reference Handler" daemon [_thread_blocked, id=24556, stack(0x0000003637200000,0x0000003637300000)]
  0x000001d912d9a000 JavaThread "main" [_thread_in_Java, id=11024, stack(0x0000003636600000,0x0000003636700000)]

Other Threads:
  0x000001d937bf6800 VMThread [stack: 0x0000003637100000,0x0000003637200000] [id=20192]
  0x000001d9393a2000 WatcherThread [stack: 0x0000003637b00000,0x0000003637c00000] [id=28868]

VM state:not at safepoint (normal execution)

VM Mutex/Monitor currently owned by a thread: None

heap address: 0x00000005c2a00000, size: 8150 MB, Compressed Oops mode: Zero based, Oop shift amount: 3
Narrow klass base: 0x0000000000000000, Narrow klass shift: 3
Compressed class space size: 1073741824 Address: 0x00000007c0000000

Heap:
 PSYoungGen      total 283648K, used 66504K [0x0000000716380000, 0x0000000728d80000, 0x00000007c0000000)
  eden space 262144K, 18% used [0x0000000716380000,0x00000007192d0090,0x0000000726380000)
  from space 21504K, 83% used [0x0000000727880000,0x0000000728a221a0,0x0000000728d80000)
  to   space 21504K, 0% used [0x0000000726380000,0x0000000726380000,0x0000000727880000)
 ParOldGen       total 348160K, used 24K [0x00000005c2a00000, 0x00000005d7e00000, 0x0000000716380000)
  object space 348160K, 0% used [0x00000005c2a00000,0x00000005c2a06000,0x00000005d7e00000)
 Metaspace       used 19039K, capacity 19708K, committed 19840K, reserved 1067008K
  class space    used 2164K, capacity 2318K, committed 2432K, reserved 1048576K

Card table byte_map: [0x000001d923b00000,0x000001d924af0000] byte_map_base: 0x000001d920ceb000

Marking Bits: (ParMarkBitMap*) 0x00000000650b9030
 Begin Bits: [0x000001d925590000, 0x000001d92d4e8000)
 End Bits:   [0x000001d92d4e8000, 0x000001d935440000)

Polling page: 0x000001d912ee0000

CodeCache: size=245760Kb used=13119Kb max_used=13543Kb free=232640Kb
 bounds [0x000001d914740000, 0x000001d915490000, 0x000001d923740000]
 total_blobs=3930 nmethods=3574 adapters=268
 compilation: enabled

Compilation events (10 events):
Event: 13.326 Thread 0x000001d937c75800 3931   !   3       com.google.inject.spi.InjectionPoint::forConstructorOf (241 bytes)
Event: 13.331 Thread 0x000001d937c75800 nmethod 3931 0x000001d914f58e50 code [0x000001d914f596e0, 0x000001d914f5f950]
Event: 13.331 Thread 0x000001d937c75800 3933       3       java.lang.Class::copyConstructors (38 bytes)
Event: 13.332 Thread 0x000001d937c75800 nmethod 3933 0x000001d914a2c0d0 code [0x000001d914a2c2e0, 0x000001d914a2cdb0]
Event: 13.332 Thread 0x000001d937c75800 3932       3       java.lang.Class::getDeclaredConstructors (18 bytes)
Event: 13.332 Thread 0x000001d937c75800 nmethod 3932 0x000001d914f589d0 code [0x000001d914f58b60, 0x000001d914f58d80]
Event: 13.332 Thread 0x000001d937c75800 3934       3       com.google.inject.spi.InjectionPoint::<init> (34 bytes)
Event: 13.332 Thread 0x000001d937c75800 nmethod 3934 0x000001d914a2b990 code [0x000001d914a2bb20, 0x000001d914a2bf40]
Event: 13.332 Thread 0x000001d937c75800 3935       3       java.lang.reflect.Constructor::getParameterAnnotations (13 bytes)
Event: 13.332 Thread 0x000001d937c75800 nmethod 3935 0x000001d914a2b550 code [0x000001d914a2b6c0, 0x000001d914a2b8f0]

GC Heap History (4 events):
Event: 6.467 GC heap before
{Heap before GC invocations=1 (full 0):
 PSYoungGen      total 152576K, used 131072K [0x0000000716380000, 0x0000000720d80000, 0x00000007c0000000)
  eden space 131072K, 100% used [0x0000000716380000,0x000000071e380000,0x000000071e380000)
  from space 21504K, 0% used [0x000000071f880000,0x000000071f880000,0x0000000720d80000)
  to   space 21504K, 0% used [0x000000071e380000,0x000000071e380000,0x000000071f880000)
 ParOldGen       total 348160K, used 0K [0x00000005c2a00000, 0x00000005d7e00000, 0x0000000716380000)
  object space 348160K, 0% used [0x00000005c2a00000,0x00000005c2a00000,0x00000005d7e00000)
 Metaspace       used 15467K, capacity 15752K, committed 16128K, reserved 1062912K
  class space    used 1835K, capacity 1947K, committed 2048K, reserved 1048576K
Event: 6.674 GC heap after
Heap after GC invocations=1 (full 0):
 PSYoungGen      total 152576K, used 18033K [0x0000000716380000, 0x0000000728d80000, 0x00000007c0000000)
  eden space 131072K, 0% used [0x0000000716380000,0x0000000716380000,0x000000071e380000)
  from space 21504K, 83% used [0x000000071e380000,0x000000071f51c6e0,0x000000071f880000)
  to   space 21504K, 0% used [0x0000000727880000,0x0000000727880000,0x0000000728d80000)
 ParOldGen       total 348160K, used 24K [0x00000005c2a00000, 0x00000005d7e00000, 0x0000000716380000)
  object space 348160K, 0% used [0x00000005c2a00000,0x00000005c2a06000,0x00000005d7e00000)
 Metaspace       used 15467K, capacity 15752K, committed 16128K, reserved 1062912K
  class space    used 1835K, capacity 1947K, committed 2048K, reserved 1048576K
}
Event: 11.062 GC heap before
{Heap before GC invocations=2 (full 0):
 PSYoungGen      total 152576K, used 149105K [0x0000000716380000, 0x0000000728d80000, 0x00000007c0000000)
  eden space 131072K, 100% used [0x0000000716380000,0x000000071e380000,0x000000071e380000)
  from space 21504K, 83% used [0x000000071e380000,0x000000071f51c6e0,0x000000071f880000)
  to   space 21504K, 0% used [0x0000000727880000,0x0000000727880000,0x0000000728d80000)
 ParOldGen       total 348160K, used 24K [0x00000005c2a00000, 0x00000005d7e00000, 0x0000000716380000)
  object space 348160K, 0% used [0x00000005c2a00000,0x00000005c2a06000,0x00000005d7e00000)
 Metaspace       used 17618K, capacity 18124K, committed 18304K, reserved 1064960K
  class space    used 1998K, capacity 2131K, committed 2176K, reserved 1048576K
Event: 11.239 GC heap after
Heap after GC invocations=2 (full 0):
 PSYoungGen      total 283648K, used 18056K [0x0000000716380000, 0x0000000728d80000, 0x00000007c0000000)
  eden space 262144K, 0% used [0x0000000716380000,0x0000000716380000,0x0000000726380000)
  from space 21504K, 83% used [0x0000000727880000,0x0000000728a221a0,0x0000000728d80000)
  to   space 21504K, 0% used [0x0000000726380000,0x0000000726380000,0x0000000727880000)
 ParOldGen       total 348160K, used 24K [0x00000005c2a00000, 0x00000005d7e00000, 0x0000000716380000)
  object space 348160K, 0% used [0x00000005c2a00000,0x00000005c2a06000,0x00000005d7e00000)
 Metaspace       used 17618K, capacity 18124K, committed 18304K, reserved 1064960K
  class space    used 1998K, capacity 2131K, committed 2176K, reserved 1048576K
}

Deoptimization events (10 events):
Event: 10.162 Thread 0x000001d912d9a000 Uncommon trap: reason=bimorphic action=maybe_recompile pc=0x000001d91508d2d8 method=java.util.regex.Matcher.match(II)Z @ 86
Event: 10.162 Thread 0x000001d912d9a000 Uncommon trap: reason=bimorphic action=maybe_recompile pc=0x000001d91508d2d8 method=java.util.regex.Matcher.match(II)Z @ 86
Event: 10.162 Thread 0x000001d912d9a000 Uncommon trap: reason=bimorphic action=maybe_recompile pc=0x000001d91508d2d8 method=java.util.regex.Matcher.match(II)Z @ 86
Event: 10.292 Thread 0x000001d912d9a000 Uncommon trap: reason=array_check action=maybe_recompile pc=0x000001d9153ca770 method=java.util.TimSort.binarySort([Ljava/lang/Object;IIILjava/util/Comparator;)V @ 183
Event: 10.292 Thread 0x000001d912d9a000 Uncommon trap: reason=array_check action=maybe_recompile pc=0x000001d9153ca770 method=java.util.TimSort.binarySort([Ljava/lang/Object;IIILjava/util/Comparator;)V @ 183
Event: 10.292 Thread 0x000001d912d9a000 Uncommon trap: reason=array_check action=maybe_recompile pc=0x000001d9153ca5e4 method=java.util.TimSort.binarySort([Ljava/lang/Object;IIILjava/util/Comparator;)V @ 215
Event: 10.293 Thread 0x000001d912d9a000 Uncommon trap: reason=array_check action=maybe_recompile pc=0x000001d9153ca5e4 method=java.util.TimSort.binarySort([Ljava/lang/Object;IIILjava/util/Comparator;)V @ 215
Event: 11.327 Thread 0x000001d912d9a000 Uncommon trap: reason=array_check action=maybe_recompile pc=0x000001d9153d9524 method=java.util.TimSort.binarySort([Ljava/lang/Object;IIILjava/util/Comparator;)V @ 193
Event: 11.327 Thread 0x000001d912d9a000 Uncommon trap: reason=array_check action=maybe_recompile pc=0x000001d9153d9524 method=java.util.TimSort.binarySort([Ljava/lang/Object;IIILjava/util/Comparator;)V @ 193
Event: 12.178 Thread 0x000001d912d9a000 Uncommon trap: reason=bimorphic action=maybe_recompile pc=0x000001d9148c5508 method=java.nio.charset.CharsetDecoder.reset()Ljava/nio/charset/CharsetDecoder; @ 1

Classes redefined (0 events):
No events

Internal exceptions (10 events):
Event: 7.030 Thread 0x000001d912d9a000 Implicit null exception at 0x000001d9150303c3 to 0x000001d91503060d
Event: 7.525 Thread 0x000001d912d9a000 Implicit null exception at 0x000001d914efcbd7 to 0x000001d914efd031
Event: 7.569 Thread 0x000001d912d9a000 Exception <a 'java/lang/NullPointerException'> (0x00000007173be6a8) thrown at [C:\jenkins\workspace\8-2-build-windows-x64-cygwin\jdk8u341\2692\hotspot\src\share\vm\interpreter\linkResolver.cpp, line 1185]
Event: 7.569 Thread 0x000001d912d9a000 Exception <a 'java/lang/NullPointerException'> (0x00000007173bea98) thrown at [C:\jenkins\workspace\8-2-build-windows-x64-cygwin\jdk8u341\2692\hotspot\src\share\vm\interpreter\linkResolver.cpp, line 1185]
Event: 7.569 Thread 0x000001d912d9a000 Exception <a 'java/lang/NullPointerException'> (0x00000007173bee88) thrown at [C:\jenkins\workspace\8-2-build-windows-x64-cygwin\jdk8u341\2692\hotspot\src\share\vm\interpreter\linkResolver.cpp, line 1185]
Event: 7.569 Thread 0x000001d912d9a000 Exception <a 'java/lang/NullPointerException'> (0x00000007173bfdd8) thrown at [C:\jenkins\workspace\8-2-build-windows-x64-cygwin\jdk8u341\2692\hotspot\src\share\vm\interpreter\linkResolver.cpp, line 1185]
Event: 7.569 Thread 0x000001d912d9a000 Exception <a 'java/lang/NullPointerException'> (0x00000007173c01c8) thrown at [C:\jenkins\workspace\8-2-build-windows-x64-cygwin\jdk8u341\2692\hotspot\src\share\vm\interpreter\linkResolver.cpp, line 1185]
Event: 7.569 Thread 0x000001d912d9a000 Exception <a 'java/lang/NullPointerException'> (0x00000007173c05b8) thrown at [C:\jenkins\workspace\8-2-build-windows-x64-cygwin\jdk8u341\2692\hotspot\src\share\vm\interpreter\linkResolver.cpp, line 1185]
Event: 9.609 Thread 0x000001d912d9a000 Implicit null exception at 0x000001d914b1ebd5 to 0x000001d914b1edd5
Event: 9.609 Thread 0x000001d912d9a000 Implicit null exception at 0x000001d914b1a72f to 0x000001d914b1a799

Events (10 events):
Event: 13.346 loading class java/util/zip/GZIPInputStream
Event: 13.347 loading class java/util/zip/GZIPInputStream done
Event: 13.355 loading class org/codehaus/plexus/archiver/ear/EarArchiver
Event: 13.355 loading class org/codehaus/plexus/archiver/ear/EarArchiver done
Event: 13.355 loading class org/codehaus/plexus/archiver/ear/EarArchiver
Event: 13.355 loading class org/codehaus/plexus/archiver/ear/EarArchiver done
Event: 13.356 loading class org/codehaus/plexus/archiver/gzip/GZipUnArchiver
Event: 13.356 loading class org/codehaus/plexus/archiver/gzip/GZipUnArchiver done
Event: 13.356 loading class org/codehaus/plexus/archiver/gzip/GZipUnArchiver
Event: 13.356 loading class org/codehaus/plexus/archiver/gzip/GZipUnArchiver done


Dynamic libraries:
0x00007ff7be290000 - 0x00007ff7be2d7000 	D:\jdk\jdk8\bin\java.exe
0x00007ffff5ad0000 - 0x00007ffff5cc8000 	C:\Windows\SYSTEM32\ntdll.dll
0x00007ffff4bc0000 - 0x00007ffff4c7d000 	C:\Windows\System32\KERNEL32.DLL
0x00007ffff3470000 - 0x00007ffff3766000 	C:\Windows\System32\KERNELBASE.dll
0x00007fffeb990000 - 0x00007fffeba20000 	C:\Windows\SYSTEM32\apphelp.dll
0x00007ffff4560000 - 0x00007ffff460f000 	C:\Windows\System32\ADVAPI32.dll
0x00007ffff4230000 - 0x00007ffff42ce000 	C:\Windows\System32\msvcrt.dll
0x00007ffff4680000 - 0x00007ffff471c000 	C:\Windows\System32\sechost.dll
0x00007ffff42d0000 - 0x00007ffff43f6000 	C:\Windows\System32\RPCRT4.dll
0x00007ffff4090000 - 0x00007ffff422e000 	C:\Windows\System32\USER32.dll
0x00007ffff3880000 - 0x00007ffff38a2000 	C:\Windows\System32\win32u.dll
0x00007ffff4b90000 - 0x00007ffff4bbc000 	C:\Windows\System32\GDI32.dll
0x00007ffff38b0000 - 0x00007ffff39ca000 	C:\Windows\System32\gdi32full.dll
0x00007ffff3770000 - 0x00007ffff380d000 	C:\Windows\System32\msvcp_win.dll
0x00007ffff31b0000 - 0x00007ffff32b0000 	C:\Windows\System32\ucrtbase.dll
0x00007fffd0300000 - 0x00007fffd059a000 	C:\Windows\WinSxS\amd64_microsoft.windows.common-controls_6595b64144ccf1df_6.0.19041.3636_none_60b6a03d71f818d5\COMCTL32.dll
0x00007ffff5850000 - 0x00007ffff5880000 	C:\Windows\System32\IMM32.DLL
0x00007fffe9db0000 - 0x00007fffe9dc5000 	D:\jdk\jdk8\jre\bin\vcruntime140.dll
0x00007fffc0f60000 - 0x00007fffc0ffb000 	D:\jdk\jdk8\jre\bin\msvcp140.dll
0x00000000648d0000 - 0x0000000065131000 	D:\jdk\jdk8\jre\bin\server\jvm.dll
0x00007ffff5710000 - 0x00007ffff5718000 	C:\Windows\System32\PSAPI.DLL
0x00007fffde510000 - 0x00007fffde537000 	C:\Windows\SYSTEM32\WINMM.dll
0x00007fff9d680000 - 0x00007fff9d689000 	C:\Windows\SYSTEM32\WSOCK32.dll
0x00007ffff4c90000 - 0x00007ffff4cfb000 	C:\Windows\System32\WS2_32.dll
0x00007fffe8cc0000 - 0x00007fffe8cca000 	C:\Windows\SYSTEM32\VERSION.dll
0x00007ffff1a00000 - 0x00007ffff1a12000 	C:\Windows\SYSTEM32\kernel.appcore.dll
0x00007fffe9da0000 - 0x00007fffe9db0000 	D:\jdk\jdk8\jre\bin\verify.dll
0x00007fffd6b30000 - 0x00007fffd6b5b000 	D:\jdk\jdk8\jre\bin\java.dll
0x00007fffd6e80000 - 0x00007fffd6e98000 	D:\jdk\jdk8\jre\bin\zip.dll
0x00007ffff4e20000 - 0x00007ffff5564000 	C:\Windows\System32\SHELL32.dll
0x00007ffff1250000 - 0x00007ffff19eb000 	C:\Windows\SYSTEM32\windows.storage.dll
0x00007ffff3c60000 - 0x00007ffff3fb4000 	C:\Windows\System32\combase.dll
0x00007ffff2bf0000 - 0x00007ffff2c1d000 	C:\Windows\SYSTEM32\Wldp.dll
0x00007ffff57a0000 - 0x00007ffff584d000 	C:\Windows\System32\SHCORE.dll
0x00007ffff5570000 - 0x00007ffff55c5000 	C:\Windows\System32\shlwapi.dll
0x00007ffff30e0000 - 0x00007ffff3105000 	C:\Windows\SYSTEM32\profapi.dll
0x0000000069ac0000 - 0x0000000069ae4000 	C:\Users\25426\AppData\Local\Temp\jansi-2.4.0-941dd40edaff36a2-jansi.dll
0x00007ffff33e0000 - 0x00007ffff3462000 	C:\Windows\System32\bcryptPrimitives.dll

VM Arguments:
jvm_args: -Dmaven.multiModuleProjectDirectory=D:\Git\GitCode\github\xuecheng-plus\xuecheng-plus-media -Dfile.encoding=GB2312 -Dmaven.home=D:\javaDevInstall\apache-maven-3.8.6 -Dclassworlds.conf=D:\javaDevInstall\apache-maven-3.8.6\bin\m2.conf -Dmaven.ext.class.path=D:\IntelliJ IDEA 2022.1.4\plugins\maven\lib\maven-event-listener.jar 
java_command: org.codehaus.classworlds.Launcher -Didea.version=2022.1.4 -s D:\javaDevInstall\apache-maven-3.8.6\conf\settings.xml -Dmaven.repo.local=D:\javaDevInstall\apache-maven-3.8.6\mvnRepository install --projects com.xuecheng:xuecheng-plus-media-service,com.xuecheng:xuecheng-plus-media-api,com.xuecheng:xuecheng-plus-media-model,com.xuecheng:xuecheng-plus-media
java_class_path (initial): D:\javaDevInstall\apache-maven-3.8.6\boot\plexus-classworlds-2.6.0.jar;D:\javaDevInstall\apache-maven-3.8.6\boot\plexus-classworlds.license
Launcher Type: SUN_STANDARD

Environment Variables:
JAVA_HOME=D:\jdk\jdk11
PATH=D:\VMware Workstation\bin\;D:\NVIDIA GPU Computing Toolkit\CUDA\v12.0\bin;D:\NVIDIA GPU Computing Toolkit\CUDA\v12.0\libnvvp;C:\Windows\system32;C:\Windows;C:\Windows\System32\Wbem;C:\Windows\System32\WindowsPowerShell\v1.0\;C:\Windows\System32\OpenSSH\;D:\jdk\jdk8\bin;D:\jdk\jdk11\bin;D:\微信web开发者工具\dll;D:\mys;l-8.0.15-winx64\bin;C:\Program Files\dotnet\;C:\Program Files (x86)\NVIDIA Corporation\PhysX\Common;"D:\javaDevInstall\db-derby-10.14.2.0-bin\bin;";D:\Git\Git\cmd;D:\anaconda;D:\anaconda\Scripts;D:\anaconda\Library\mingw-w64\bin;D:\anaconda\Library\usr\bin;D:\anaconda\Library\bin;D:\javaDevInstall\nodejs\;D:\Xshell\;D:\Xftp\;D:\Python311\Scripts\;D:\Python311\;C:\Users\25426\AppData\Local\Microsoft\WindowsApps;D:\mysql-8.0.15-winx64\bin;D:\javaDevInstall\apache-maven-3.8.6\bin;D:\Microsoft VS Code\bin;D:\MinGW\bin;C:\Users\25426\AppData\Roaming\npm;C:\Users\25426\AppData\Local\Pandoc\;D:\HuaweiDev\Microsoft VS Code\bin;D:\ffmpeg;D:\ffmpeg\ffmpeg.exe
USERNAME=25426
OS=Windows_NT
PROCESSOR_IDENTIFIER=Intel64 Family 6 Model 158 Stepping 10, GenuineIntel



---------------  S Y S T E M  ---------------

OS: Windows 10 , 64 bit Build 19041 (10.0.19041.3636)

CPU:total 12 (initial active 12) (6 cores per cpu, 2 threads per core) family 6 model 158 stepping 10, cmov, cx8, fxsr, mmx, sse, sse2, sse3, ssse3, sse4.1, sse4.2, popcnt, avx, avx2, aes, clmul, erms, 3dnowpref, lzcnt, ht, tsc, tscinvbit, bmi1, bmi2, adx

Memory: 4k page, physical 33379092k(8138380k free), swap 46627032k(5132k free)

vm_info: Java HotSpot(TM) 64-Bit Server VM (25.341-b10) for windows-amd64 JRE (1.8.0_341-b10), built on Jun 16 2022 15:51:07 by "java_re" with MS VC++ 15.9 (VS2017)

time: Sun Dec  3 01:27:47 2023
timezone: Intel64 Family 6 Model 158 Stepping 10, GenuineIntel
elapsed time: 13.431455 seconds (0d 0h 0m 13s)

