#
# There is insufficient memory for the Java Runtime Environment to continue.
# Native memory allocation (malloc) failed to allocate 46096 bytes for Chunk::new
# Possible reasons:
#   The system is out of physical RAM or swap space
#   The process is running with CompressedOops enabled, and the Java Heap may be blocking the growth of the native heap
# Possible solutions:
#   Reduce memory load on the system
#   Increase physical memory or swap space
#   Check if swap backing store is full
#   Decrease Java heap size (-Xmx/-Xms)
#   Decrease number of Java threads
#   Decrease Java thread stack sizes (-Xss)
#   Set larger code cache with -XX:ReservedCodeCacheSize=
#   JVM is running with Zero Based Compressed Oops mode in which the Java heap is
#     placed in the first 32GB address space. The Java Heap base address is the
#     maximum limit for the native heap growth. Please use -XX:HeapBaseMinAddress
#     to set the Java Heap base and to place the Java Heap above 32GB virtual address.
# This output file may be truncated or incomplete.
#
#  Out of Memory Error (allocation.cpp:389), pid=13316, tid=0x00000000000077c0
#
# JRE version: Java(TM) SE Runtime Environment (8.0_341-b10) (build 1.8.0_341-b10)
# Java VM: Java HotSpot(TM) 64-Bit Server VM (25.341-b10 mixed mode windows-amd64 compressed oops)
# Failed to write core dump. Minidumps are not enabled by default on client versions of Windows
#

---------------  T H R E A D  ---------------

Current thread (0x00000114af565000):  JavaThread "C2 CompilerThread2" daemon [_thread_in_native, id=30656, stack(0x00000003c4800000,0x00000003c4900000)]

Stack: [0x00000003c4800000,0x00000003c4900000]
Native frames: (J=compiled Java code, j=interpreted, Vv=VM code, C=native code)
V  [jvm.dll+0x32fa99]


Current CompileTask:
C2:   3491  914       4       java.io.DataOutputStream::writeUTF (435 bytes)


---------------  P R O C E S S  ---------------

Java Threads: ( => current thread )
  0x00000114af58d800 JavaThread "Service Thread" daemon [_thread_blocked, id=29632, stack(0x00000003c4a00000,0x00000003c4b00000)]
  0x00000114af586000 JavaThread "C1 CompilerThread3" daemon [_thread_blocked, id=1988, stack(0x00000003c4900000,0x00000003c4a00000)]
=>0x00000114af565000 JavaThread "C2 CompilerThread2" daemon [_thread_in_native, id=30656, stack(0x00000003c4800000,0x00000003c4900000)]
  0x00000114af55c800 JavaThread "C2 CompilerThread1" daemon [_thread_blocked, id=30636, stack(0x00000003c4700000,0x00000003c4800000)]
  0x00000114ad11b800 JavaThread "C2 CompilerThread0" daemon [_thread_blocked, id=30640, stack(0x00000003c4600000,0x00000003c4700000)]
  0x00000114ad10f000 JavaThread "Attach Listener" daemon [_thread_blocked, id=30500, stack(0x00000003c4500000,0x00000003c4600000)]
  0x00000114ad0f0800 JavaThread "Signal Dispatcher" daemon [_thread_blocked, id=30504, stack(0x00000003c4400000,0x00000003c4500000)]
  0x00000114ad0c7000 JavaThread "Finalizer" daemon [_thread_blocked, id=30156, stack(0x00000003c4300000,0x00000003c4400000)]
  0x00000114ad0c5800 JavaThread "Reference Handler" daemon [_thread_blocked, id=30272, stack(0x00000003c4200000,0x00000003c4300000)]
  0x0000011488f6b000 JavaThread "main" [_thread_in_native, id=22592, stack(0x00000003c3600000,0x00000003c3700000)]

Other Threads:
  0x00000114ad09e800 VMThread [stack: 0x00000003c4100000,0x00000003c4200000] [id=29192]
  0x00000114af598000 WatcherThread [stack: 0x00000003c4b00000,0x00000003c4c00000] [id=28788]

VM state:not at safepoint (normal execution)

VM Mutex/Monitor currently owned by a thread: None

heap address: 0x00000005c2a00000, size: 8150 MB, Compressed Oops mode: Zero based, Oop shift amount: 3
Narrow klass base: 0x0000000000000000, Narrow klass shift: 3
Compressed class space size: 1073741824 Address: 0x00000007c0000000

Heap:
 PSYoungGen      total 152576K, used 49828K [0x0000000716380000, 0x0000000720d80000, 0x00000007c0000000)
  eden space 131072K, 38% used [0x0000000716380000,0x00000007194291e0,0x000000071e380000)
  from space 21504K, 0% used [0x000000071f880000,0x000000071f880000,0x0000000720d80000)
  to   space 21504K, 0% used [0x000000071e380000,0x000000071e380000,0x000000071f880000)
 ParOldGen       total 348160K, used 0K [0x00000005c2a00000, 0x00000005d7e00000, 0x0000000716380000)
  object space 348160K, 0% used [0x00000005c2a00000,0x00000005c2a00000,0x00000005d7e00000)
 Metaspace       used 10071K, capacity 10224K, committed 10496K, reserved 1058816K
  class space    used 1209K, capacity 1252K, committed 1280K, reserved 1048576K

Card table byte_map: [0x0000011499c60000,0x000001149ac50000] byte_map_base: 0x0000011496e4b000

Marking Bits: (ParMarkBitMap*) 0x00000000650b9030
 Begin Bits: [0x000001149b6f0000, 0x00000114a3648000)
 End Bits:   [0x00000114a3648000, 0x00000114ab5a0000)

Polling page: 0x0000011489050000

CodeCache: size=245760Kb used=3847Kb max_used=3847Kb free=241912Kb
 bounds [0x000001148a8a0000, 0x000001148ac70000, 0x00000114998a0000]
 total_blobs=1233 nmethods=916 adapters=230
 compilation: enabled

Compilation events (10 events):
Event: 3.469 Thread 0x00000114af586000 nmethod 912 0x000001148ac62d90 code [0x000001148ac62f00, 0x000001148ac63110]
Event: 3.469 Thread 0x00000114af586000  913       3       java.util.concurrent.atomic.AtomicReferenceArray::getRaw (12 bytes)
Event: 3.469 Thread 0x00000114af586000 nmethod 913 0x000001148ac631d0 code [0x000001148ac63320, 0x000001148ac63498]
Event: 3.477 Thread 0x00000114af565000  914       4       java.io.DataOutputStream::writeUTF (435 bytes)
Event: 3.477 Thread 0x00000114af586000  915       3       java.lang.ref.SoftReference::<init> (13 bytes)
Event: 3.477 Thread 0x00000114af586000 nmethod 915 0x000001148ac63510 code [0x000001148ac63680, 0x000001148ac63978]
Event: 3.477 Thread 0x00000114af586000  916       3       java.util.AbstractQueue::add (20 bytes)
Event: 3.478 Thread 0x00000114af586000 nmethod 916 0x000001148ac63a90 code [0x000001148ac63c20, 0x000001148ac63f40]
Event: 3.478 Thread 0x00000114af586000  917       3       com.google.inject.internal.ProviderInstanceBindingImpl::<init> (23 bytes)
Event: 3.478 Thread 0x00000114af586000 nmethod 917 0x000001148ac64050 code [0x000001148ac641c0, 0x000001148ac644b0]

GC Heap History (0 events):
No events

Deoptimization events (10 events):
Event: 1.883 Thread 0x0000011488f6b000 Uncommon trap: reason=unstable_if action=reinterpret pc=0x000001148a9c6608 method=java.net.URI.match(CJJ)Z @ 19
Event: 2.063 Thread 0x0000011488f6b000 Uncommon trap: reason=unstable_if action=reinterpret pc=0x000001148aa3d6b8 method=java.lang.String.indexOf([CII[CIII)I @ 3
Event: 2.463 Thread 0x0000011488f6b000 Uncommon trap: reason=unstable_if action=reinterpret pc=0x000001148ab13684 method=java.util.HashMap.getNode(ILjava/lang/Object;)Ljava/util/HashMap$Node; @ 129
Event: 2.484 Thread 0x0000011488f6b000 Uncommon trap: reason=unstable_if action=reinterpret pc=0x000001148aa660e8 method=org.codehaus.plexus.util.xml.pull.MXParser.more()C @ 8
Event: 2.604 Thread 0x0000011488f6b000 Uncommon trap: reason=unstable_if action=reinterpret pc=0x000001148ab55834 method=sun.nio.cs.StreamDecoder.implRead([CII)I @ 197
Event: 2.612 Thread 0x0000011488f6b000 Uncommon trap: reason=unstable_if action=reinterpret pc=0x000001148ab4cdc0 method=java.nio.charset.CoderResult.isOverflow()Z @ 5
Event: 2.625 Thread 0x0000011488f6b000 Uncommon trap: reason=unstable_if action=reinterpret pc=0x000001148ab6eb10 method=sun.nio.cs.StreamDecoder.implRead([CII)I @ 71
Event: 2.637 Thread 0x0000011488f6b000 Uncommon trap: reason=unstable_if action=reinterpret pc=0x000001148ab7f2b4 method=org.codehaus.plexus.util.xml.pull.MXParser.nextImpl()I @ 200
Event: 2.740 Thread 0x0000011488f6b000 Uncommon trap: reason=unstable_if action=reinterpret pc=0x000001148ab8c010 method=org.codehaus.plexus.util.xml.pull.MXParser.nextImpl()I @ 241
Event: 2.880 Thread 0x0000011488f6b000 Uncommon trap: reason=unstable_if action=reinterpret pc=0x000001148ab1ab98 method=java.util.HashMap.getNode(ILjava/lang/Object;)Ljava/util/HashMap$Node; @ 129

Classes redefined (0 events):
No events

Internal exceptions (10 events):
Event: 0.393 Thread 0x0000011488f6b000 Exception <a 'java/security/PrivilegedActionException'> (0x000000071690b718) thrown at [C:\jenkins\workspace\8-2-build-windows-x64-cygwin\jdk8u341\2692\hotspot\src\share\vm\prims\jvm.cpp, line 1523]
Event: 1.707 Thread 0x0000011488f6b000 Exception <a 'java/lang/NullPointerException'> (0x000000071699ec20) thrown at [C:\jenkins\workspace\8-2-build-windows-x64-cygwin\jdk8u341\2692\hotspot\src\share\vm\interpreter\linkResolver.cpp, line 1185]
Event: 1.707 Thread 0x0000011488f6b000 Exception <a 'java/lang/NullPointerException'> (0x000000071699ee28) thrown at [C:\jenkins\workspace\8-2-build-windows-x64-cygwin\jdk8u341\2692\hotspot\src\share\vm\interpreter\linkResolver.cpp, line 1185]
Event: 1.707 Thread 0x0000011488f6b000 Exception <a 'java/lang/NullPointerException'> (0x000000071699f030) thrown at [C:\jenkins\workspace\8-2-build-windows-x64-cygwin\jdk8u341\2692\hotspot\src\share\vm\interpreter\linkResolver.cpp, line 1185]
Event: 1.708 Thread 0x0000011488f6b000 Exception <a 'java/lang/NullPointerException'> (0x00000007169a7568) thrown at [C:\jenkins\workspace\8-2-build-windows-x64-cygwin\jdk8u341\2692\hotspot\src\share\vm\interpreter\linkResolver.cpp, line 1185]
Event: 1.710 Thread 0x0000011488f6b000 Exception <a 'java/lang/NullPointerException'> (0x00000007169c0678) thrown at [C:\jenkins\workspace\8-2-build-windows-x64-cygwin\jdk8u341\2692\hotspot\src\share\vm\interpreter\linkResolver.cpp, line 1185]
Event: 1.710 Thread 0x0000011488f6b000 Exception <a 'java/lang/NullPointerException'> (0x00000007169c0880) thrown at [C:\jenkins\workspace\8-2-build-windows-x64-cygwin\jdk8u341\2692\hotspot\src\share\vm\interpreter\linkResolver.cpp, line 1185]
Event: 1.710 Thread 0x0000011488f6b000 Exception <a 'java/lang/NullPointerException'> (0x00000007169c0a88) thrown at [C:\jenkins\workspace\8-2-build-windows-x64-cygwin\jdk8u341\2692\hotspot\src\share\vm\interpreter\linkResolver.cpp, line 1185]
Event: 1.710 Thread 0x0000011488f6b000 Exception <a 'java/lang/NullPointerException'> (0x00000007169c0c90) thrown at [C:\jenkins\workspace\8-2-build-windows-x64-cygwin\jdk8u341\2692\hotspot\src\share\vm\interpreter\linkResolver.cpp, line 1185]
Event: 2.469 Thread 0x0000011488f6b000 Exception <a 'java/lang/NoClassDefFoundError': javax/enterprise/inject/Typed> (0x000000071786a718) thrown at [C:\jenkins\workspace\8-2-build-windows-x64-cygwin\jdk8u341\2692\hotspot\src\share\vm\classfile\systemDictionary.cpp, line 201]

Events (10 events):
Event: 3.476 loading class java/lang/Deprecated
Event: 3.476 loading class java/lang/Deprecated done
Event: 3.478 loading class org/apache/maven/artifact/versioning/InvalidVersionSpecificationException
Event: 3.478 loading class org/apache/maven/artifact/versioning/InvalidVersionSpecificationException done
Event: 3.479 loading class org/apache/maven/model/Dependency
Event: 3.479 loading class org/apache/maven/model/Dependency done
Event: 3.479 loading class org/apache/maven/settings/Repository
Event: 3.479 loading class org/apache/maven/settings/Repository done
Event: 3.487 loading class org/apache/maven/settings/RepositoryBase
Event: 3.487 loading class org/apache/maven/settings/RepositoryBase done


Dynamic libraries:
0x00007ff7be290000 - 0x00007ff7be2d7000 	D:\jdk\jdk8\bin\java.exe
0x00007ffff5ad0000 - 0x00007ffff5cc8000 	C:\Windows\SYSTEM32\ntdll.dll
0x00007ffff4bc0000 - 0x00007ffff4c7d000 	C:\Windows\System32\KERNEL32.DLL
0x00007ffff3470000 - 0x00007ffff3766000 	C:\Windows\System32\KERNELBASE.dll
0x00007fffeb990000 - 0x00007fffeba20000 	C:\Windows\SYSTEM32\apphelp.dll
0x00007ffff4560000 - 0x00007ffff460f000 	C:\Windows\System32\ADVAPI32.dll
0x00007ffff4230000 - 0x00007ffff42ce000 	C:\Windows\System32\msvcrt.dll
0x00007ffff4680000 - 0x00007ffff471c000 	C:\Windows\System32\sechost.dll
0x00007ffff42d0000 - 0x00007ffff43f6000 	C:\Windows\System32\RPCRT4.dll
0x00007ffff4090000 - 0x00007ffff422e000 	C:\Windows\System32\USER32.dll
0x00007ffff3880000 - 0x00007ffff38a2000 	C:\Windows\System32\win32u.dll
0x00007ffff4b90000 - 0x00007ffff4bbc000 	C:\Windows\System32\GDI32.dll
0x00007ffff38b0000 - 0x00007ffff39ca000 	C:\Windows\System32\gdi32full.dll
0x00007ffff3770000 - 0x00007ffff380d000 	C:\Windows\System32\msvcp_win.dll
0x00007ffff31b0000 - 0x00007ffff32b0000 	C:\Windows\System32\ucrtbase.dll
0x00007fffd0300000 - 0x00007fffd059a000 	C:\Windows\WinSxS\amd64_microsoft.windows.common-controls_6595b64144ccf1df_6.0.19041.3636_none_60b6a03d71f818d5\COMCTL32.dll
0x00007ffff5850000 - 0x00007ffff5880000 	C:\Windows\System32\IMM32.DLL
0x00007fffe9db0000 - 0x00007fffe9dc5000 	D:\jdk\jdk8\jre\bin\vcruntime140.dll
0x00007fffc0f60000 - 0x00007fffc0ffb000 	D:\jdk\jdk8\jre\bin\msvcp140.dll
0x00000000648d0000 - 0x0000000065131000 	D:\jdk\jdk8\jre\bin\server\jvm.dll
0x00007ffff5710000 - 0x00007ffff5718000 	C:\Windows\System32\PSAPI.DLL
0x00007fff9d680000 - 0x00007fff9d689000 	C:\Windows\SYSTEM32\WSOCK32.dll
0x00007fffde510000 - 0x00007fffde537000 	C:\Windows\SYSTEM32\WINMM.dll
0x00007ffff4c90000 - 0x00007ffff4cfb000 	C:\Windows\System32\WS2_32.dll
0x00007fffe8cc0000 - 0x00007fffe8cca000 	C:\Windows\SYSTEM32\VERSION.dll
0x00007ffff1a00000 - 0x00007ffff1a12000 	C:\Windows\SYSTEM32\kernel.appcore.dll
0x00007fffe9da0000 - 0x00007fffe9db0000 	D:\jdk\jdk8\jre\bin\verify.dll
0x00007fffd6b30000 - 0x00007fffd6b5b000 	D:\jdk\jdk8\jre\bin\java.dll
0x00007fffd6e80000 - 0x00007fffd6e98000 	D:\jdk\jdk8\jre\bin\zip.dll
0x00007ffff4e20000 - 0x00007ffff5564000 	C:\Windows\System32\SHELL32.dll
0x00007ffff1250000 - 0x00007ffff19eb000 	C:\Windows\SYSTEM32\windows.storage.dll
0x00007ffff3c60000 - 0x00007ffff3fb4000 	C:\Windows\System32\combase.dll
0x00007ffff2bf0000 - 0x00007ffff2c1d000 	C:\Windows\SYSTEM32\Wldp.dll
0x00007ffff57a0000 - 0x00007ffff584d000 	C:\Windows\System32\SHCORE.dll
0x00007ffff5570000 - 0x00007ffff55c5000 	C:\Windows\System32\shlwapi.dll
0x00007ffff30e0000 - 0x00007ffff3105000 	C:\Windows\SYSTEM32\profapi.dll
0x0000000069ac0000 - 0x0000000069ae4000 	C:\Users\25426\AppData\Local\Temp\jansi-2.4.0-47998a16f24789a0-jansi.dll

VM Arguments:
jvm_args: -Dmaven.multiModuleProjectDirectory=D:\Git\GitCode\github\xuecheng-plus\xuecheng-plus-system -Dfile.encoding=GB2312 -Dmaven.home=D:\javaDevInstall\apache-maven-3.8.6 -Dclassworlds.conf=D:\javaDevInstall\apache-maven-3.8.6\bin\m2.conf -Dmaven.ext.class.path=D:\IntelliJ IDEA 2022.1.4\plugins\maven\lib\maven-event-listener.jar 
java_command: org.codehaus.classworlds.Launcher -Didea.version=2022.1.4 -s D:\javaDevInstall\apache-maven-3.8.6\conf\settings.xml -Dmaven.repo.local=D:\javaDevInstall\apache-maven-3.8.6\mvnRepository install --projects com.xuecheng:xuecheng-plus-system,com.xuecheng:xuecheng-plus-system-model,com.xuecheng:xuecheng-plus-system-api,com.xuecheng:xuecheng-plus-system-service
java_class_path (initial): D:\javaDevInstall\apache-maven-3.8.6\boot\plexus-classworlds-2.6.0.jar;D:\javaDevInstall\apache-maven-3.8.6\boot\plexus-classworlds.license
Launcher Type: SUN_STANDARD

Environment Variables:
JAVA_HOME=D:\jdk\jdk11
PATH=D:\VMware Workstation\bin\;D:\NVIDIA GPU Computing Toolkit\CUDA\v12.0\bin;D:\NVIDIA GPU Computing Toolkit\CUDA\v12.0\libnvvp;C:\Windows\system32;C:\Windows;C:\Windows\System32\Wbem;C:\Windows\System32\WindowsPowerShell\v1.0\;C:\Windows\System32\OpenSSH\;D:\jdk\jdk8\bin;D:\jdk\jdk11\bin;D:\微信web开发者工具\dll;D:\mys;l-8.0.15-winx64\bin;C:\Program Files\dotnet\;C:\Program Files (x86)\NVIDIA Corporation\PhysX\Common;"D:\javaDevInstall\db-derby-10.14.2.0-bin\bin;";D:\Git\Git\cmd;D:\anaconda;D:\anaconda\Scripts;D:\anaconda\Library\mingw-w64\bin;D:\anaconda\Library\usr\bin;D:\anaconda\Library\bin;D:\javaDevInstall\nodejs\;D:\Xshell\;D:\Xftp\;D:\Python311\Scripts\;D:\Python311\;C:\Users\25426\AppData\Local\Microsoft\WindowsApps;D:\mysql-8.0.15-winx64\bin;D:\javaDevInstall\apache-maven-3.8.6\bin;D:\Microsoft VS Code\bin;D:\MinGW\bin;C:\Users\25426\AppData\Roaming\npm;C:\Users\25426\AppData\Local\Pandoc\;D:\HuaweiDev\Microsoft VS Code\bin;D:\ffmpeg;D:\ffmpeg\ffmpeg.exe
USERNAME=25426
OS=Windows_NT
PROCESSOR_IDENTIFIER=Intel64 Family 6 Model 158 Stepping 10, GenuineIntel



---------------  S Y S T E M  ---------------

OS: Windows 10 , 64 bit Build 19041 (10.0.19041.3636)

CPU:total 12 (initial active 12) (6 cores per cpu, 2 threads per core) family 6 model 158 stepping 10, cmov, cx8, fxsr, mmx, sse, sse2, sse3, ssse3, sse4.1, sse4.2, popcnt, avx, avx2, aes, clmul, erms, 3dnowpref, lzcnt, ht, tsc, tscinvbit, bmi1, bmi2, adx

Memory: 4k page, physical 33379092k(9318312k free), swap 46627032k(5212k free)

vm_info: Java HotSpot(TM) 64-Bit Server VM (25.341-b10) for windows-amd64 JRE (1.8.0_341-b10), built on Jun 16 2022 15:51:07 by "java_re" with MS VC++ 15.9 (VS2017)

time: Sun Dec  3 01:28:28 2023
timezone: Intel64 Family 6 Model 158 Stepping 10, GenuineIntel
elapsed time: 3.493725 seconds (0d 0h 0m 3s)

