#
# There is insufficient memory for the Java Runtime Environment to continue.
# Native memory allocation (malloc) failed to allocate 88576 bytes for Chunk::new
# Possible reasons:
#   The system is out of physical RAM or swap space
#   The process is running with CompressedOops enabled, and the Java Heap may be blocking the growth of the native heap
# Possible solutions:
#   Reduce memory load on the system
#   Increase physical memory or swap space
#   Check if swap backing store is full
#   Decrease Java heap size (-Xmx/-Xms)
#   Decrease number of Java threads
#   Decrease Java thread stack sizes (-Xss)
#   Set larger code cache with -XX:ReservedCodeCacheSize=
#   JVM is running with Zero Based Compressed Oops mode in which the Java heap is
#     placed in the first 32GB address space. The Java Heap base address is the
#     maximum limit for the native heap growth. Please use -XX:HeapBaseMinAddress
#     to set the Java Heap base and to place the Java Heap above 32GB virtual address.
# This output file may be truncated or incomplete.
#
#  Out of Memory Error (allocation.cpp:389), pid=25920, tid=0x00000000000003c0
#
# JRE version: Java(TM) SE Runtime Environment (8.0_341-b10) (build 1.8.0_341-b10)
# Java VM: Java HotSpot(TM) 64-Bit Server VM (25.341-b10 mixed mode windows-amd64 compressed oops)
# Failed to write core dump. Minidumps are not enabled by default on client versions of Windows
#

---------------  T H R E A D  ---------------

Current thread (0x000001ee6deff000):  JavaThread "C2 CompilerThread2" daemon [_thread_in_native, id=960, stack(0x000000defec00000,0x000000defed00000)]

Stack: [0x000000defec00000,0x000000defed00000]
Native frames: (J=compiled Java code, j=interpreted, Vv=VM code, C=native code)
V  [jvm.dll+0x32fa99]


Current CompileTask:
C2:   3422 1352       4       sun.net.www.ParseUtil::encodePath (336 bytes)


---------------  P R O C E S S  ---------------

Java Threads: ( => current thread )
  0x000001ee6df0b800 JavaThread "Service Thread" daemon [_thread_blocked, id=30480, stack(0x000000defee00000,0x000000defef00000)]
  0x000001ee6df03000 JavaThread "C1 CompilerThread3" daemon [_thread_blocked, id=11024, stack(0x000000defed00000,0x000000defee00000)]
=>0x000001ee6deff000 JavaThread "C2 CompilerThread2" daemon [_thread_in_native, id=960, stack(0x000000defec00000,0x000000defed00000)]
  0x000001ee6defc000 JavaThread "C2 CompilerThread1" daemon [_thread_blocked, id=17028, stack(0x000000defeb00000,0x000000defec00000)]
  0x000001ee6f5e2800 JavaThread "C2 CompilerThread0" daemon [_thread_in_native, id=7528, stack(0x000000defea00000,0x000000defeb00000)]
  0x000001ee6deef000 JavaThread "Attach Listener" daemon [_thread_blocked, id=3496, stack(0x000000defe900000,0x000000defea00000)]
  0x000001ee6defb000 JavaThread "Signal Dispatcher" daemon [_thread_blocked, id=10660, stack(0x000000defe800000,0x000000defe900000)]
  0x000001ee6dead800 JavaThread "Finalizer" daemon [_thread_blocked, id=25496, stack(0x000000defe700000,0x000000defe800000)]
  0x000001ee6deac800 JavaThread "Reference Handler" daemon [_thread_blocked, id=19316, stack(0x000000defe600000,0x000000defe700000)]
  0x000001ee48feb000 JavaThread "main" [_thread_in_vm, id=21276, stack(0x000000defda00000,0x000000defdb00000)]

Other Threads:
  0x000001ee6de82800 VMThread [stack: 0x000000defe500000,0x000000defe600000] [id=26064]
  0x000001ee6df14800 WatcherThread [stack: 0x000000defef00000,0x000000deff000000] [id=30496]

VM state:not at safepoint (normal execution)

VM Mutex/Monitor currently owned by a thread: None

heap address: 0x00000005c2a00000, size: 8150 MB, Compressed Oops mode: Zero based, Oop shift amount: 3
Narrow klass base: 0x0000000000000000, Narrow klass shift: 3
Compressed class space size: 1073741824 Address: 0x00000007c0000000

Heap:
 PSYoungGen      total 152576K, used 73464K [0x0000000716380000, 0x0000000720d80000, 0x00000007c0000000)
  eden space 131072K, 56% used [0x0000000716380000,0x000000071ab3e038,0x000000071e380000)
  from space 21504K, 0% used [0x000000071f880000,0x000000071f880000,0x0000000720d80000)
  to   space 21504K, 0% used [0x000000071e380000,0x000000071e380000,0x000000071f880000)
 ParOldGen       total 348160K, used 0K [0x00000005c2a00000, 0x00000005d7e00000, 0x0000000716380000)
  object space 348160K, 0% used [0x00000005c2a00000,0x00000005c2a00000,0x00000005d7e00000)
 Metaspace       used 12912K, capacity 13128K, committed 13312K, reserved 1060864K
  class space    used 1626K, capacity 1706K, committed 1792K, reserved 1048576K

Card table byte_map: [0x000001ee59d70000,0x000001ee5ad60000] byte_map_base: 0x000001ee56f5b000

Marking Bits: (ParMarkBitMap*) 0x00000000650b9030
 Begin Bits: [0x000001ee5b800000, 0x000001ee63758000)
 End Bits:   [0x000001ee63758000, 0x000001ee6b6b0000)

Polling page: 0x000001ee49150000

CodeCache: size=245760Kb used=4920Kb max_used=4928Kb free=240839Kb
 bounds [0x000001ee4a9b0000, 0x000001ee4ae90000, 0x000001ee599b0000]
 total_blobs=1676 nmethods=1350 adapters=238
 compilation: enabled

Compilation events (10 events):
Event: 3.414 Thread 0x000001ee6df03000 nmethod 1346 0x000001ee4ae7d490 code [0x000001ee4ae7d600, 0x000001ee4ae7d8f0]
Event: 3.415 Thread 0x000001ee6df03000 1348       3       org.eclipse.sisu.inject.TypeArguments::isAssignableFrom (158 bytes)
Event: 3.416 Thread 0x000001ee6deff000 1350       4       sun.net.util.IPAddressUtil::checkHostString (53 bytes)
Event: 3.416 Thread 0x000001ee6defc000 1351       4       sun.net.util.IPAddressUtil::scan (92 bytes)
Event: 3.416 Thread 0x000001ee6deff000 nmethod 1350 0x000001ee4ae83350 code [0x000001ee4ae834a0, 0x000001ee4ae83548]
Event: 3.416 Thread 0x000001ee6defc000 nmethod 1351 0x000001ee4ae80390 code [0x000001ee4ae804c0, 0x000001ee4ae80558]
Event: 3.416 Thread 0x000001ee6df03000 nmethod 1348 0x000001ee4ae83610 code [0x000001ee4ae839a0, 0x000001ee4ae85d50]
Event: 3.416 Thread 0x000001ee6df03000 1349       3       com.google.common.collect.CompactHashMap::accessEntry (1 bytes)
Event: 3.416 Thread 0x000001ee6df03000 nmethod 1349 0x000001ee4ae80050 code [0x000001ee4ae801a0, 0x000001ee4ae802f8]
Event: 3.418 Thread 0x000001ee6deff000 1352       4       sun.net.www.ParseUtil::encodePath (336 bytes)

GC Heap History (0 events):
No events

Deoptimization events (10 events):
Event: 1.388 Thread 0x000001ee48feb000 Uncommon trap: reason=unstable_if action=reinterpret pc=0x000001ee4ac15284 method=java.util.HashMap.getNode(ILjava/lang/Object;)Ljava/util/HashMap$Node; @ 129
Event: 1.419 Thread 0x000001ee48feb000 Uncommon trap: reason=unstable_if action=reinterpret pc=0x000001ee4ac1ec14 method=java.nio.charset.CoderResult.isOverflow()Z @ 5
Event: 1.455 Thread 0x000001ee48feb000 Uncommon trap: reason=unstable_if action=reinterpret pc=0x000001ee4ac493c4 method=java.nio.charset.CoderResult.isOverflow()Z @ 5
Event: 1.473 Thread 0x000001ee48feb000 Uncommon trap: reason=unstable_if action=reinterpret pc=0x000001ee4ac604a8 method=sun.nio.cs.StreamDecoder.implRead([CII)I @ 197
Event: 1.635 Thread 0x000001ee48feb000 Uncommon trap: reason=unstable_if action=reinterpret pc=0x000001ee4ac77db4 method=sun.nio.cs.StreamDecoder.implRead([CII)I @ 197
Event: 1.640 Thread 0x000001ee48feb000 Uncommon trap: reason=unstable_if action=reinterpret pc=0x000001ee4ac684f0 method=org.codehaus.plexus.util.xml.pull.MXParser.nextImpl()I @ 241
Event: 1.641 Thread 0x000001ee48feb000 Uncommon trap: reason=unstable_if action=reinterpret pc=0x000001ee4ac70360 method=sun.nio.cs.StreamDecoder.implRead([CII)I @ 197
Event: 1.787 Thread 0x000001ee48feb000 Uncommon trap: reason=unstable_if action=reinterpret pc=0x000001ee4ac12ad8 method=java.util.HashMap.getNode(ILjava/lang/Object;)Ljava/util/HashMap$Node; @ 129
Event: 1.962 Thread 0x000001ee48feb000 Uncommon trap: reason=unstable_if action=reinterpret pc=0x000001ee4ac6cf04 method=sun.nio.cs.UTF_8$Decoder.decode([BII[C)I @ 30
Event: 3.405 Thread 0x000001ee48feb000 Uncommon trap: reason=predicate action=maybe_recompile pc=0x000001ee4abf5c14 method=sun.net.www.ParseUtil.encodePath(Ljava/lang/String;Z)Ljava/lang/String; @ 36

Classes redefined (0 events):
No events

Internal exceptions (10 events):
Event: 0.476 Thread 0x000001ee48feb000 Exception <a 'java/lang/NullPointerException'> (0x000000071699ddc0) thrown at [C:\jenkins\workspace\8-2-build-windows-x64-cygwin\jdk8u341\2692\hotspot\src\share\vm\interpreter\linkResolver.cpp, line 1185]
Event: 0.476 Thread 0x000001ee48feb000 Exception <a 'java/lang/NullPointerException'> (0x000000071699dfc8) thrown at [C:\jenkins\workspace\8-2-build-windows-x64-cygwin\jdk8u341\2692\hotspot\src\share\vm\interpreter\linkResolver.cpp, line 1185]
Event: 0.480 Thread 0x000001ee48feb000 Exception <a 'java/lang/NullPointerException'> (0x00000007169a6500) thrown at [C:\jenkins\workspace\8-2-build-windows-x64-cygwin\jdk8u341\2692\hotspot\src\share\vm\interpreter\linkResolver.cpp, line 1185]
Event: 0.483 Thread 0x000001ee48feb000 Exception <a 'java/lang/NullPointerException'> (0x00000007169bf610) thrown at [C:\jenkins\workspace\8-2-build-windows-x64-cygwin\jdk8u341\2692\hotspot\src\share\vm\interpreter\linkResolver.cpp, line 1185]
Event: 0.484 Thread 0x000001ee48feb000 Exception <a 'java/lang/NullPointerException'> (0x00000007169bf818) thrown at [C:\jenkins\workspace\8-2-build-windows-x64-cygwin\jdk8u341\2692\hotspot\src\share\vm\interpreter\linkResolver.cpp, line 1185]
Event: 0.484 Thread 0x000001ee48feb000 Exception <a 'java/lang/NullPointerException'> (0x00000007169bfa20) thrown at [C:\jenkins\workspace\8-2-build-windows-x64-cygwin\jdk8u341\2692\hotspot\src\share\vm\interpreter\linkResolver.cpp, line 1185]
Event: 0.484 Thread 0x000001ee48feb000 Exception <a 'java/lang/NullPointerException'> (0x00000007169bfc28) thrown at [C:\jenkins\workspace\8-2-build-windows-x64-cygwin\jdk8u341\2692\hotspot\src\share\vm\interpreter\linkResolver.cpp, line 1185]
Event: 1.395 Thread 0x000001ee48feb000 Exception <a 'java/lang/NoClassDefFoundError': javax/enterprise/inject/Typed> (0x000000071786bdc8) thrown at [C:\jenkins\workspace\8-2-build-windows-x64-cygwin\jdk8u341\2692\hotspot\src\share\vm\classfile\systemDictionary.cpp, line 201]
Event: 3.405 Thread 0x000001ee48feb000 Exception <a 'java/lang/NoClassDefFoundError': com/google/inject/servlet/ServletModuleTargetVisitor> (0x000000071a8e2e48) thrown at [C:\jenkins\workspace\8-2-build-windows-x64-cygwin\jdk8u341\2692\hotspot\src\share\vm\classfile\systemDictionary.cpp, line 
Event: 3.405 Thread 0x000001ee48feb000 Exception <a 'java/lang/NoClassDefFoundError'> (0x000000071a8e2e48) thrown at [C:\jenkins\workspace\8-2-build-windows-x64-cygwin\jdk8u341\2692\hotspot\src\share\vm\prims\jvm.cpp, line 1527]

Events (10 events):
Event: 3.415 loading class org/apache/maven/model/building/ModelBuilder
Event: 3.415 loading class org/apache/maven/model/building/ModelBuilder done
Event: 3.416 loading class org/apache/maven/model/merge/ModelMerger$Remapping
Event: 3.416 loading class org/apache/maven/model/merge/ModelMerger$Remapping done
Event: 3.417 loading class org/apache/maven/model/merge/ModelMerger$KeyComputer
Event: 3.417 loading class org/apache/maven/model/merge/ModelMerger$KeyComputer done
Event: 3.419 loading class org/apache/maven/model/FileSet
Event: 3.419 loading class org/apache/maven/model/FileSet done
Event: 3.419 loading class org/apache/maven/model/PatternSet
Event: 3.419 loading class org/apache/maven/model/PatternSet done


Dynamic libraries:
0x00007ff7be290000 - 0x00007ff7be2d7000 	D:\jdk\jdk8\bin\java.exe
0x00007ffff5ad0000 - 0x00007ffff5cc8000 	C:\Windows\SYSTEM32\ntdll.dll
0x00007ffff4bc0000 - 0x00007ffff4c7d000 	C:\Windows\System32\KERNEL32.DLL
0x00007ffff3470000 - 0x00007ffff3766000 	C:\Windows\System32\KERNELBASE.dll
0x00007fffeb990000 - 0x00007fffeba20000 	C:\Windows\SYSTEM32\apphelp.dll
0x00007ffff4560000 - 0x00007ffff460f000 	C:\Windows\System32\ADVAPI32.dll
0x00007ffff4230000 - 0x00007ffff42ce000 	C:\Windows\System32\msvcrt.dll
0x00007ffff4680000 - 0x00007ffff471c000 	C:\Windows\System32\sechost.dll
0x00007ffff42d0000 - 0x00007ffff43f6000 	C:\Windows\System32\RPCRT4.dll
0x00007ffff4090000 - 0x00007ffff422e000 	C:\Windows\System32\USER32.dll
0x00007ffff3880000 - 0x00007ffff38a2000 	C:\Windows\System32\win32u.dll
0x00007ffff4b90000 - 0x00007ffff4bbc000 	C:\Windows\System32\GDI32.dll
0x00007ffff38b0000 - 0x00007ffff39ca000 	C:\Windows\System32\gdi32full.dll
0x00007ffff3770000 - 0x00007ffff380d000 	C:\Windows\System32\msvcp_win.dll
0x00007ffff31b0000 - 0x00007ffff32b0000 	C:\Windows\System32\ucrtbase.dll
0x00007fffd0300000 - 0x00007fffd059a000 	C:\Windows\WinSxS\amd64_microsoft.windows.common-controls_6595b64144ccf1df_6.0.19041.3636_none_60b6a03d71f818d5\COMCTL32.dll
0x00007ffff5850000 - 0x00007ffff5880000 	C:\Windows\System32\IMM32.DLL
0x00007fffe9db0000 - 0x00007fffe9dc5000 	D:\jdk\jdk8\jre\bin\vcruntime140.dll
0x00007fffc0f60000 - 0x00007fffc0ffb000 	D:\jdk\jdk8\jre\bin\msvcp140.dll
0x00000000648d0000 - 0x0000000065131000 	D:\jdk\jdk8\jre\bin\server\jvm.dll
0x00007ffff5710000 - 0x00007ffff5718000 	C:\Windows\System32\PSAPI.DLL
0x00007fff9d680000 - 0x00007fff9d689000 	C:\Windows\SYSTEM32\WSOCK32.dll
0x00007ffff4c90000 - 0x00007ffff4cfb000 	C:\Windows\System32\WS2_32.dll
0x00007fffde510000 - 0x00007fffde537000 	C:\Windows\SYSTEM32\WINMM.dll
0x00007fffe8cc0000 - 0x00007fffe8cca000 	C:\Windows\SYSTEM32\VERSION.dll
0x00007ffff1a00000 - 0x00007ffff1a12000 	C:\Windows\SYSTEM32\kernel.appcore.dll
0x00007fffe9da0000 - 0x00007fffe9db0000 	D:\jdk\jdk8\jre\bin\verify.dll
0x00007fffd6b30000 - 0x00007fffd6b5b000 	D:\jdk\jdk8\jre\bin\java.dll
0x00007fffd6e80000 - 0x00007fffd6e98000 	D:\jdk\jdk8\jre\bin\zip.dll
0x00007ffff4e20000 - 0x00007ffff5564000 	C:\Windows\System32\SHELL32.dll
0x00007ffff1250000 - 0x00007ffff19eb000 	C:\Windows\SYSTEM32\windows.storage.dll
0x00007ffff3c60000 - 0x00007ffff3fb4000 	C:\Windows\System32\combase.dll
0x00007ffff2bf0000 - 0x00007ffff2c1d000 	C:\Windows\SYSTEM32\Wldp.dll
0x00007ffff57a0000 - 0x00007ffff584d000 	C:\Windows\System32\SHCORE.dll
0x00007ffff5570000 - 0x00007ffff55c5000 	C:\Windows\System32\shlwapi.dll
0x00007ffff30e0000 - 0x00007ffff3105000 	C:\Windows\SYSTEM32\profapi.dll
0x0000000069ac0000 - 0x0000000069ae4000 	C:\Users\25426\AppData\Local\Temp\jansi-2.4.0-3775b6bc520bdb1d-jansi.dll
0x00007ffff33e0000 - 0x00007ffff3462000 	C:\Windows\System32\bcryptPrimitives.dll

VM Arguments:
jvm_args: -Dmaven.multiModuleProjectDirectory=D:\Git\GitCode\github\xuecheng-plus\xuecheng-plus-message-sdk -Dfile.encoding=GB2312 -Dmaven.home=D:\javaDevInstall\apache-maven-3.8.6 -Dclassworlds.conf=D:\javaDevInstall\apache-maven-3.8.6\bin\m2.conf -Dmaven.ext.class.path=D:\IntelliJ IDEA 2022.1.4\plugins\maven\lib\maven-event-listener.jar 
java_command: org.codehaus.classworlds.Launcher -Didea.version=2022.1.4 -s D:\javaDevInstall\apache-maven-3.8.6\conf\settings.xml -Dmaven.repo.local=D:\javaDevInstall\apache-maven-3.8.6\mvnRepository install --non-recursive
java_class_path (initial): D:\javaDevInstall\apache-maven-3.8.6\boot\plexus-classworlds-2.6.0.jar;D:\javaDevInstall\apache-maven-3.8.6\boot\plexus-classworlds.license
Launcher Type: SUN_STANDARD

Environment Variables:
JAVA_HOME=D:\jdk\jdk11
PATH=D:\VMware Workstation\bin\;D:\NVIDIA GPU Computing Toolkit\CUDA\v12.0\bin;D:\NVIDIA GPU Computing Toolkit\CUDA\v12.0\libnvvp;C:\Windows\system32;C:\Windows;C:\Windows\System32\Wbem;C:\Windows\System32\WindowsPowerShell\v1.0\;C:\Windows\System32\OpenSSH\;D:\jdk\jdk8\bin;D:\jdk\jdk11\bin;D:\微信web开发者工具\dll;D:\mys;l-8.0.15-winx64\bin;C:\Program Files\dotnet\;C:\Program Files (x86)\NVIDIA Corporation\PhysX\Common;"D:\javaDevInstall\db-derby-10.14.2.0-bin\bin;";D:\Git\Git\cmd;D:\anaconda;D:\anaconda\Scripts;D:\anaconda\Library\mingw-w64\bin;D:\anaconda\Library\usr\bin;D:\anaconda\Library\bin;D:\javaDevInstall\nodejs\;D:\Xshell\;D:\Xftp\;D:\Python311\Scripts\;D:\Python311\;C:\Users\25426\AppData\Local\Microsoft\WindowsApps;D:\mysql-8.0.15-winx64\bin;D:\javaDevInstall\apache-maven-3.8.6\bin;D:\Microsoft VS Code\bin;D:\MinGW\bin;C:\Users\25426\AppData\Roaming\npm;C:\Users\25426\AppData\Local\Pandoc\;D:\HuaweiDev\Microsoft VS Code\bin;D:\ffmpeg;D:\ffmpeg\ffmpeg.exe
USERNAME=25426
OS=Windows_NT
PROCESSOR_IDENTIFIER=Intel64 Family 6 Model 158 Stepping 10, GenuineIntel



---------------  S Y S T E M  ---------------

OS: Windows 10 , 64 bit Build 19041 (10.0.19041.3636)

CPU:total 12 (initial active 12) (6 cores per cpu, 2 threads per core) family 6 model 158 stepping 10, cmov, cx8, fxsr, mmx, sse, sse2, sse3, ssse3, sse4.1, sse4.2, popcnt, avx, avx2, aes, clmul, erms, 3dnowpref, lzcnt, ht, tsc, tscinvbit, bmi1, bmi2, adx

Memory: 4k page, physical 33379092k(9300200k free), swap 46627032k(4284k free)

vm_info: Java HotSpot(TM) 64-Bit Server VM (25.341-b10) for windows-amd64 JRE (1.8.0_341-b10), built on Jun 16 2022 15:51:07 by "java_re" with MS VC++ 15.9 (VS2017)

time: Sun Dec  3 01:28:28 2023
timezone: Intel64 Family 6 Model 158 Stepping 10, GenuineIntel
elapsed time: 3.424778 seconds (0d 0h 0m 3s)

